2024-05-21 02:10:12 - Starting ProjetoScoreApplication using Java 21.0.2 with PID 7296 (C:\Users\bruno\Desktop\user-score\target\classes started by bruno in C:\Users\bruno\Desktop\user-score)
2024-05-21 02:10:12 - Running with Spring Boot v3.2.4, Spring v6.1.5
2024-05-21 02:10:12 - No active profile set, falling back to 1 default profile: "default"
2024-05-21 02:10:12 - Devtools property defaults active! Set 'spring.devtools.add-properties' to 'false' to disable
2024-05-21 02:10:12 - For additional web related logging consider setting the 'logging.level.web' property to 'DEBUG'
2024-05-21 02:10:12 - Bootstrapping Spring Data JPA repositories in DEFAULT mode.
2024-05-21 02:10:12 - Finished Spring Data repository scanning in 50 ms. Found 2 JPA repository interfaces.
2024-05-21 02:10:13 - Bean 'org.springframework.ws.config.annotation.DelegatingWsConfiguration' of type [org.springframework.ws.config.annotation.DelegatingWsConfiguration$$SpringCGLIB$$0] is not eligible for getting processed by all BeanPostProcessors (for example: not eligible for auto-proxying). The currently created BeanPostProcessor [annotationActionEndpointMapping] is declared through a non-static factory method on that class; consider declaring it as static instead.
2024-05-21 02:10:13 - Supporting [WS-Addressing August 2004, WS-Addressing 1.0]
2024-05-21 02:10:13 - Tomcat initialized with port 8080 (http)
2024-05-21 02:10:13 - Initializing ProtocolHandler ["http-nio-8080"]
2024-05-21 02:10:13 - Starting service [Tomcat]
2024-05-21 02:10:13 - Starting Servlet engine: [Apache Tomcat/10.1.19]
2024-05-21 02:10:13 - Initializing Spring embedded WebApplicationContext
2024-05-21 02:10:13 - Root WebApplicationContext: initialization completed in 1485 ms
2024-05-21 02:10:13 - HHH000204: Processing PersistenceUnitInfo [name: default]
2024-05-21 02:10:13 - HHH000412: Hibernate ORM core version 6.4.4.Final
2024-05-21 02:10:13 - HHH000026: Second-level cache disabled
2024-05-21 02:10:14 - No LoadTimeWeaver setup: ignoring JPA class transformer
2024-05-21 02:10:14 - HikariPool-1 - Starting...
2024-05-21 02:10:14 - HikariPool-1 - Added connection com.mysql.cj.jdbc.ConnectionImpl@73ac67
2024-05-21 02:10:14 - HikariPool-1 - Start completed.
2024-05-21 02:10:15 - HHH000489: No JTA platform available (set 'hibernate.transaction.jta.platform' to enable JTA platform integration)
2024-05-21 02:10:15 - Initialized JPA EntityManagerFactory for persistence unit 'default'
2024-05-21 02:10:15 - Filter 'securityFilter' configured for use
2024-05-21 02:10:15 - spring.jpa.open-in-view is enabled by default. Therefore, database queries may be performed during view rendering. Explicitly configure spring.jpa.open-in-view to disable this warning
2024-05-21 02:10:16 - Will secure any request with [org.springframework.security.web.session.DisableEncodeUrlFilter@3c814b63, org.springframework.security.web.context.request.async.WebAsyncManagerIntegrationFilter@286c3f52, org.springframework.security.web.context.SecurityContextHolderFilter@2094433e, org.springframework.security.web.header.HeaderWriterFilter@7b19d368, org.springframework.web.filter.CorsFilter@27f43891, org.springframework.security.web.authentication.logout.LogoutFilter@38a178f8, com.github.brunobuttros.userscore.service.SecurityFilter@5645865a, org.springframework.security.web.savedrequest.RequestCacheAwareFilter@3353d1eb, org.springframework.security.web.servletapi.SecurityContextHolderAwareRequestFilter@3b43e27f, org.springframework.security.web.authentication.AnonymousAuthenticationFilter@16d81e, org.springframework.security.web.session.SessionManagementFilter@10f438ee, org.springframework.security.web.access.ExceptionTranslationFilter@5db90e3c, org.springframework.security.web.access.intercept.AuthorizationFilter@5268d22b]
2024-05-21 02:10:16 - LiveReload server is running on port 35729
2024-05-21 02:10:16 - Starting ProtocolHandler ["http-nio-8080"]
2024-05-21 02:10:16 - Tomcat started on port 8080 (http) with context path ''
2024-05-21 02:10:16 - Started ProjetoScoreApplication in 4.878 seconds (process running for 5.412)
2024-05-21 02:10:16 - select ue1_0.id,ue1_0.cep,ue1_0.cpf,ue1_0.email,ue1_0.endereco_id,ue1_0.login,ue1_0.nome,ue1_0.password,ue1_0.role,ue1_0.score,ue1_0.telefone from users ue1_0
2024-05-21 02:10:16 - select ee1_0.id,ee1_0.bairro,ee1_0.cep,ee1_0.localidade,ee1_0.logradouro,ee1_0.uf from adress ee1_0 where ee1_0.id=?
2024-05-21 02:10:16 - select ee1_0.id,ee1_0.bairro,ee1_0.cep,ee1_0.localidade,ee1_0.logradouro,ee1_0.uf from adress ee1_0 where ee1_0.id=?
2024-05-21 02:10:16 - select ee1_0.id,ee1_0.bairro,ee1_0.cep,ee1_0.localidade,ee1_0.logradouro,ee1_0.uf from adress ee1_0 where ee1_0.id=?
2024-05-21 02:10:16 - select ee1_0.id,ee1_0.bairro,ee1_0.cep,ee1_0.localidade,ee1_0.logradouro,ee1_0.uf from adress ee1_0 where ee1_0.id=?
2024-05-21 02:10:16 - select ue1_0.id,ue1_0.cep,ue1_0.cpf,ue1_0.email,e1_0.id,e1_0.bairro,e1_0.cep,e1_0.localidade,e1_0.logradouro,e1_0.uf,ue1_0.login,ue1_0.nome,ue1_0.password,ue1_0.role,ue1_0.score,ue1_0.telefone from users ue1_0 left join adress e1_0 on e1_0.id=ue1_0.endereco_id where ue1_0.id=?
2024-05-21 02:10:16 - update users set cep=?,cpf=?,email=?,endereco_id=?,login=?,nome=?,password=?,role=?,score=?,telefone=? where id=?
2024-05-21 02:10:16 - select ue1_0.id,ue1_0.cep,ue1_0.cpf,ue1_0.email,e1_0.id,e1_0.bairro,e1_0.cep,e1_0.localidade,e1_0.logradouro,e1_0.uf,ue1_0.login,ue1_0.nome,ue1_0.password,ue1_0.role,ue1_0.score,ue1_0.telefone from users ue1_0 left join adress e1_0 on e1_0.id=ue1_0.endereco_id where ue1_0.id=?
2024-05-21 02:10:16 - update users set cep=?,cpf=?,email=?,endereco_id=?,login=?,nome=?,password=?,role=?,score=?,telefone=? where id=?
2024-05-21 02:10:16 - select ue1_0.id,ue1_0.cep,ue1_0.cpf,ue1_0.email,e1_0.id,e1_0.bairro,e1_0.cep,e1_0.localidade,e1_0.logradouro,e1_0.uf,ue1_0.login,ue1_0.nome,ue1_0.password,ue1_0.role,ue1_0.score,ue1_0.telefone from users ue1_0 left join adress e1_0 on e1_0.id=ue1_0.endereco_id where ue1_0.id=?
2024-05-21 02:10:16 - update users set cep=?,cpf=?,email=?,endereco_id=?,login=?,nome=?,password=?,role=?,score=?,telefone=? where id=?
2024-05-21 02:10:16 - select ue1_0.id,ue1_0.cep,ue1_0.cpf,ue1_0.email,e1_0.id,e1_0.bairro,e1_0.cep,e1_0.localidade,e1_0.logradouro,e1_0.uf,ue1_0.login,ue1_0.nome,ue1_0.password,ue1_0.role,ue1_0.score,ue1_0.telefone from users ue1_0 left join adress e1_0 on e1_0.id=ue1_0.endereco_id where ue1_0.id=?
2024-05-21 02:10:16 - update users set cep=?,cpf=?,email=?,endereco_id=?,login=?,nome=?,password=?,role=?,score=?,telefone=? where id=?
2024-05-21 02:11:46 - Closing JPA EntityManagerFactory for persistence unit 'default'
2024-05-21 02:11:46 - HikariPool-1 - Shutdown initiated...
2024-05-21 02:11:46 - HikariPool-1 - Shutdown completed.
2024-05-21 10:58:44 - Starting ProjetoScoreApplication using Java 21.0.2 with PID 17784 (C:\Users\bruno\Desktop\user-score\target\classes started by bruno in C:\Users\bruno\Desktop\user-score)
2024-05-21 10:58:44 - Running with Spring Boot v3.2.4, Spring v6.1.5
2024-05-21 10:58:44 - No active profile set, falling back to 1 default profile: "default"
2024-05-21 10:58:44 - Devtools property defaults active! Set 'spring.devtools.add-properties' to 'false' to disable
2024-05-21 10:58:44 - For additional web related logging consider setting the 'logging.level.web' property to 'DEBUG'
2024-05-21 10:58:45 - Bootstrapping Spring Data JPA repositories in DEFAULT mode.
2024-05-21 10:58:45 - Finished Spring Data repository scanning in 73 ms. Found 2 JPA repository interfaces.
2024-05-21 10:58:46 - Bean 'org.springframework.ws.config.annotation.DelegatingWsConfiguration' of type [org.springframework.ws.config.annotation.DelegatingWsConfiguration$$SpringCGLIB$$0] is not eligible for getting processed by all BeanPostProcessors (for example: not eligible for auto-proxying). The currently created BeanPostProcessor [annotationActionEndpointMapping] is declared through a non-static factory method on that class; consider declaring it as static instead.
2024-05-21 10:58:46 - Supporting [WS-Addressing August 2004, WS-Addressing 1.0]
2024-05-21 10:58:46 - Tomcat initialized with port 8080 (http)
2024-05-21 10:58:46 - Initializing ProtocolHandler ["http-nio-8080"]
2024-05-21 10:58:46 - Starting service [Tomcat]
2024-05-21 10:58:46 - Starting Servlet engine: [Apache Tomcat/10.1.19]
2024-05-21 10:58:46 - Initializing Spring embedded WebApplicationContext
2024-05-21 10:58:46 - Root WebApplicationContext: initialization completed in 2163 ms
2024-05-21 10:58:46 - HHH000204: Processing PersistenceUnitInfo [name: default]
2024-05-21 10:58:46 - HHH000412: Hibernate ORM core version 6.4.4.Final
2024-05-21 10:58:47 - HHH000026: Second-level cache disabled
2024-05-21 10:58:47 - No LoadTimeWeaver setup: ignoring JPA class transformer
2024-05-21 10:58:47 - HikariPool-1 - Starting...
2024-05-21 10:58:48 - HikariPool-1 - Added connection com.mysql.cj.jdbc.ConnectionImpl@1be47ff0
2024-05-21 10:58:48 - HikariPool-1 - Start completed.
2024-05-21 10:58:49 - HHH000489: No JTA platform available (set 'hibernate.transaction.jta.platform' to enable JTA platform integration)
2024-05-21 10:58:49 - Initialized JPA EntityManagerFactory for persistence unit 'default'
2024-05-21 10:58:49 - Filter 'securityFilter' configured for use
2024-05-21 10:58:50 - spring.jpa.open-in-view is enabled by default. Therefore, database queries may be performed during view rendering. Explicitly configure spring.jpa.open-in-view to disable this warning
2024-05-21 10:58:50 - Will secure any request with [org.springframework.security.web.session.DisableEncodeUrlFilter@d969d7, org.springframework.security.web.context.request.async.WebAsyncManagerIntegrationFilter@9cc2df0, org.springframework.security.web.context.SecurityContextHolderFilter@79f544e6, org.springframework.security.web.header.HeaderWriterFilter@491aa20a, org.springframework.web.filter.CorsFilter@62ff9fd1, org.springframework.security.web.authentication.logout.LogoutFilter@481b4cdd, com.github.brunobuttros.userscore.service.SecurityFilter@418dc8e1, org.springframework.security.web.savedrequest.RequestCacheAwareFilter@22a25cd, org.springframework.security.web.servletapi.SecurityContextHolderAwareRequestFilter@70b61b7b, org.springframework.security.web.authentication.AnonymousAuthenticationFilter@378ace1c, org.springframework.security.web.session.SessionManagementFilter@60bf65cf, org.springframework.security.web.access.ExceptionTranslationFilter@25d38d75, org.springframework.security.web.access.intercept.AuthorizationFilter@765fe874]
2024-05-21 10:58:51 - LiveReload server is running on port 35729
2024-05-21 10:58:51 - Starting ProtocolHandler ["http-nio-8080"]
2024-05-21 10:58:51 - Tomcat started on port 8080 (http) with context path ''
2024-05-21 10:58:51 - Started ProjetoScoreApplication in 7.378 seconds (process running for 8.265)
2024-05-21 10:58:51 - select ue1_0.id,ue1_0.cep,ue1_0.cpf,ue1_0.email,ue1_0.endereco_id,ue1_0.login,ue1_0.nome,ue1_0.password,ue1_0.role,ue1_0.score,ue1_0.telefone from users ue1_0
2024-05-21 10:58:51 - select ee1_0.id,ee1_0.bairro,ee1_0.cep,ee1_0.localidade,ee1_0.logradouro,ee1_0.uf from adress ee1_0 where ee1_0.id=?
2024-05-21 10:58:51 - select ee1_0.id,ee1_0.bairro,ee1_0.cep,ee1_0.localidade,ee1_0.logradouro,ee1_0.uf from adress ee1_0 where ee1_0.id=?
2024-05-21 10:58:51 - select ee1_0.id,ee1_0.bairro,ee1_0.cep,ee1_0.localidade,ee1_0.logradouro,ee1_0.uf from adress ee1_0 where ee1_0.id=?
2024-05-21 10:58:51 - select ee1_0.id,ee1_0.bairro,ee1_0.cep,ee1_0.localidade,ee1_0.logradouro,ee1_0.uf from adress ee1_0 where ee1_0.id=?
2024-05-21 10:58:51 - select ue1_0.id,ue1_0.cep,ue1_0.cpf,ue1_0.email,e1_0.id,e1_0.bairro,e1_0.cep,e1_0.localidade,e1_0.logradouro,e1_0.uf,ue1_0.login,ue1_0.nome,ue1_0.password,ue1_0.role,ue1_0.score,ue1_0.telefone from users ue1_0 left join adress e1_0 on e1_0.id=ue1_0.endereco_id where ue1_0.id=?
2024-05-21 10:58:51 - update users set cep=?,cpf=?,email=?,endereco_id=?,login=?,nome=?,password=?,role=?,score=?,telefone=? where id=?
2024-05-21 10:58:51 - select ue1_0.id,ue1_0.cep,ue1_0.cpf,ue1_0.email,e1_0.id,e1_0.bairro,e1_0.cep,e1_0.localidade,e1_0.logradouro,e1_0.uf,ue1_0.login,ue1_0.nome,ue1_0.password,ue1_0.role,ue1_0.score,ue1_0.telefone from users ue1_0 left join adress e1_0 on e1_0.id=ue1_0.endereco_id where ue1_0.id=?
2024-05-21 10:58:51 - update users set cep=?,cpf=?,email=?,endereco_id=?,login=?,nome=?,password=?,role=?,score=?,telefone=? where id=?
2024-05-21 10:58:51 - select ue1_0.id,ue1_0.cep,ue1_0.cpf,ue1_0.email,e1_0.id,e1_0.bairro,e1_0.cep,e1_0.localidade,e1_0.logradouro,e1_0.uf,ue1_0.login,ue1_0.nome,ue1_0.password,ue1_0.role,ue1_0.score,ue1_0.telefone from users ue1_0 left join adress e1_0 on e1_0.id=ue1_0.endereco_id where ue1_0.id=?
2024-05-21 10:58:51 - update users set cep=?,cpf=?,email=?,endereco_id=?,login=?,nome=?,password=?,role=?,score=?,telefone=? where id=?
2024-05-21 10:58:51 - select ue1_0.id,ue1_0.cep,ue1_0.cpf,ue1_0.email,e1_0.id,e1_0.bairro,e1_0.cep,e1_0.localidade,e1_0.logradouro,e1_0.uf,ue1_0.login,ue1_0.nome,ue1_0.password,ue1_0.role,ue1_0.score,ue1_0.telefone from users ue1_0 left join adress e1_0 on e1_0.id=ue1_0.endereco_id where ue1_0.id=?
2024-05-21 10:58:51 - update users set cep=?,cpf=?,email=?,endereco_id=?,login=?,nome=?,password=?,role=?,score=?,telefone=? where id=?
2024-05-21 10:58:53 - Closing JPA EntityManagerFactory for persistence unit 'default'
2024-05-21 10:58:53 - HikariPool-1 - Shutdown initiated...
2024-05-21 10:58:53 - HikariPool-1 - Shutdown completed.
2024-05-21 11:31:22 - Starting ProjetoScoreApplication using Java 21.0.2 with PID 5396 (C:\Users\bruno\Desktop\user-score\target\classes started by bruno in C:\Users\bruno\Desktop\user-score)
2024-05-21 11:31:22 - Running with Spring Boot v3.2.4, Spring v6.1.5
2024-05-21 11:31:22 - No active profile set, falling back to 1 default profile: "default"
2024-05-21 11:31:22 - Devtools property defaults active! Set 'spring.devtools.add-properties' to 'false' to disable
2024-05-21 11:31:22 - For additional web related logging consider setting the 'logging.level.web' property to 'DEBUG'
2024-05-21 11:31:23 - Bootstrapping Spring Data JPA repositories in DEFAULT mode.
2024-05-21 11:31:23 - Finished Spring Data repository scanning in 92 ms. Found 2 JPA repository interfaces.
2024-05-21 11:31:24 - Starting ProjetoScoreApplication using Java 21.0.2 with PID 9912 (C:\Users\bruno\Desktop\user-score\target\classes started by bruno in C:\Users\bruno\Desktop\user-score)
2024-05-21 11:31:24 - Running with Spring Boot v3.2.4, Spring v6.1.5
2024-05-21 11:31:24 - No active profile set, falling back to 1 default profile: "default"
2024-05-21 11:31:24 - Devtools property defaults active! Set 'spring.devtools.add-properties' to 'false' to disable
2024-05-21 11:31:24 - For additional web related logging consider setting the 'logging.level.web' property to 'DEBUG'
2024-05-21 11:31:24 - Bean 'org.springframework.ws.config.annotation.DelegatingWsConfiguration' of type [org.springframework.ws.config.annotation.DelegatingWsConfiguration$$SpringCGLIB$$0] is not eligible for getting processed by all BeanPostProcessors (for example: not eligible for auto-proxying). The currently created BeanPostProcessor [annotationActionEndpointMapping] is declared through a non-static factory method on that class; consider declaring it as static instead.
2024-05-21 11:31:24 - Supporting [WS-Addressing August 2004, WS-Addressing 1.0]
2024-05-21 11:31:24 - Tomcat initialized with port 8080 (http)
2024-05-21 11:31:24 - Initializing ProtocolHandler ["http-nio-8080"]
2024-05-21 11:31:24 - Starting service [Tomcat]
2024-05-21 11:31:24 - Starting Servlet engine: [Apache Tomcat/10.1.19]
2024-05-21 11:31:25 - Initializing Spring embedded WebApplicationContext
2024-05-21 11:31:25 - Root WebApplicationContext: initialization completed in 2785 ms
2024-05-21 11:31:25 - HHH000204: Processing PersistenceUnitInfo [name: default]
2024-05-21 11:31:25 - HHH000412: Hibernate ORM core version 6.4.4.Final
2024-05-21 11:31:25 - HHH000026: Second-level cache disabled
2024-05-21 11:31:25 - Bootstrapping Spring Data JPA repositories in DEFAULT mode.
2024-05-21 11:31:25 - Finished Spring Data repository scanning in 86 ms. Found 2 JPA repository interfaces.
2024-05-21 11:31:25 - No LoadTimeWeaver setup: ignoring JPA class transformer
2024-05-21 11:31:25 - HikariPool-1 - Starting...
2024-05-21 11:31:26 - Bean 'org.springframework.ws.config.annotation.DelegatingWsConfiguration' of type [org.springframework.ws.config.annotation.DelegatingWsConfiguration$$SpringCGLIB$$0] is not eligible for getting processed by all BeanPostProcessors (for example: not eligible for auto-proxying). The currently created BeanPostProcessor [annotationActionEndpointMapping] is declared through a non-static factory method on that class; consider declaring it as static instead.
2024-05-21 11:31:26 - Supporting [WS-Addressing August 2004, WS-Addressing 1.0]
2024-05-21 11:31:26 - HikariPool-1 - Added connection com.mysql.cj.jdbc.ConnectionImpl@7590c707
2024-05-21 11:31:26 - HikariPool-1 - Start completed.
2024-05-21 11:31:26 - Tomcat initialized with port 8080 (http)
2024-05-21 11:31:26 - Initializing ProtocolHandler ["http-nio-8080"]
2024-05-21 11:31:26 - Starting service [Tomcat]
2024-05-21 11:31:26 - Starting Servlet engine: [Apache Tomcat/10.1.19]
2024-05-21 11:31:26 - Initializing Spring embedded WebApplicationContext
2024-05-21 11:31:26 - Root WebApplicationContext: initialization completed in 2427 ms
2024-05-21 11:31:26 - HHH000204: Processing PersistenceUnitInfo [name: default]
2024-05-21 11:31:27 - HHH000412: Hibernate ORM core version 6.4.4.Final
2024-05-21 11:31:27 - HHH000026: Second-level cache disabled
2024-05-21 11:31:27 - No LoadTimeWeaver setup: ignoring JPA class transformer
2024-05-21 11:31:27 - HikariPool-1 - Starting...
2024-05-21 11:31:27 - HikariPool-1 - Added connection com.mysql.cj.jdbc.ConnectionImpl@5f33ce46
2024-05-21 11:31:27 - HikariPool-1 - Start completed.
2024-05-21 11:31:28 - HHH000489: No JTA platform available (set 'hibernate.transaction.jta.platform' to enable JTA platform integration)
2024-05-21 11:31:28 - Initialized JPA EntityManagerFactory for persistence unit 'default'
2024-05-21 11:31:28 - Filter 'securityFilter' configured for use
2024-05-21 11:31:28 - spring.jpa.open-in-view is enabled by default. Therefore, database queries may be performed during view rendering. Explicitly configure spring.jpa.open-in-view to disable this warning
2024-05-21 11:31:29 - HHH000489: No JTA platform available (set 'hibernate.transaction.jta.platform' to enable JTA platform integration)
2024-05-21 11:31:29 - Initialized JPA EntityManagerFactory for persistence unit 'default'
2024-05-21 11:31:29 - Will secure any request with [org.springframework.security.web.session.DisableEncodeUrlFilter@783c6b3f, org.springframework.security.web.context.request.async.WebAsyncManagerIntegrationFilter@1b89f9fd, org.springframework.security.web.context.SecurityContextHolderFilter@3874be48, org.springframework.security.web.header.HeaderWriterFilter@a996f83, org.springframework.web.filter.CorsFilter@702bef14, org.springframework.security.web.authentication.logout.LogoutFilter@b52faf4, com.github.brunobuttros.userscore.service.SecurityFilter@4ca0f6b5, org.springframework.security.web.savedrequest.RequestCacheAwareFilter@11960f65, org.springframework.security.web.servletapi.SecurityContextHolderAwareRequestFilter@75fbdd3f, org.springframework.security.web.authentication.AnonymousAuthenticationFilter@74b13c, org.springframework.security.web.session.SessionManagementFilter@55deddd1, org.springframework.security.web.access.ExceptionTranslationFilter@602ca50d, org.springframework.security.web.access.intercept.AuthorizationFilter@320a3b8e]
2024-05-21 11:31:29 - Filter 'securityFilter' configured for use
2024-05-21 11:31:29 - LiveReload server is running on port 35729
2024-05-21 11:31:29 - Starting ProtocolHandler ["http-nio-8080"]
2024-05-21 11:31:29 - Tomcat started on port 8080 (http) with context path ''
2024-05-21 11:31:29 - Started ProjetoScoreApplication in 8.49 seconds (process running for 9.378)
2024-05-21 11:31:30 - spring.jpa.open-in-view is enabled by default. Therefore, database queries may be performed during view rendering. Explicitly configure spring.jpa.open-in-view to disable this warning
2024-05-21 11:31:30 - select ue1_0.id,ue1_0.cep,ue1_0.cpf,ue1_0.email,ue1_0.endereco_id,ue1_0.login,ue1_0.nome,ue1_0.password,ue1_0.role,ue1_0.score,ue1_0.telefone from users ue1_0
2024-05-21 11:31:30 - select ee1_0.id,ee1_0.bairro,ee1_0.cep,ee1_0.localidade,ee1_0.logradouro,ee1_0.uf from adress ee1_0 where ee1_0.id=?
2024-05-21 11:31:30 - select ee1_0.id,ee1_0.bairro,ee1_0.cep,ee1_0.localidade,ee1_0.logradouro,ee1_0.uf from adress ee1_0 where ee1_0.id=?
2024-05-21 11:31:30 - select ee1_0.id,ee1_0.bairro,ee1_0.cep,ee1_0.localidade,ee1_0.logradouro,ee1_0.uf from adress ee1_0 where ee1_0.id=?
2024-05-21 11:31:30 - select ee1_0.id,ee1_0.bairro,ee1_0.cep,ee1_0.localidade,ee1_0.logradouro,ee1_0.uf from adress ee1_0 where ee1_0.id=?
2024-05-21 11:31:30 - Will secure any request with [org.springframework.security.web.session.DisableEncodeUrlFilter@7cf3c8bc, org.springframework.security.web.context.request.async.WebAsyncManagerIntegrationFilter@a249f95, org.springframework.security.web.context.SecurityContextHolderFilter@72316247, org.springframework.security.web.header.HeaderWriterFilter@39878147, org.springframework.web.filter.CorsFilter@68acade3, org.springframework.security.web.authentication.logout.LogoutFilter@2101e9a6, com.github.brunobuttros.userscore.service.SecurityFilter@3d54f3ca, org.springframework.security.web.savedrequest.RequestCacheAwareFilter@1dd6294, org.springframework.security.web.servletapi.SecurityContextHolderAwareRequestFilter@19377265, org.springframework.security.web.authentication.AnonymousAuthenticationFilter@52d4591c, org.springframework.security.web.session.SessionManagementFilter@66d67973, org.springframework.security.web.access.ExceptionTranslationFilter@18351593, org.springframework.security.web.access.intercept.AuthorizationFilter@e6f09ce]
2024-05-21 11:31:30 - select ue1_0.id,ue1_0.cep,ue1_0.cpf,ue1_0.email,e1_0.id,e1_0.bairro,e1_0.cep,e1_0.localidade,e1_0.logradouro,e1_0.uf,ue1_0.login,ue1_0.nome,ue1_0.password,ue1_0.role,ue1_0.score,ue1_0.telefone from users ue1_0 left join adress e1_0 on e1_0.id=ue1_0.endereco_id where ue1_0.id=?
2024-05-21 11:31:30 - update users set cep=?,cpf=?,email=?,endereco_id=?,login=?,nome=?,password=?,role=?,score=?,telefone=? where id=?
2024-05-21 11:31:30 - select ue1_0.id,ue1_0.cep,ue1_0.cpf,ue1_0.email,e1_0.id,e1_0.bairro,e1_0.cep,e1_0.localidade,e1_0.logradouro,e1_0.uf,ue1_0.login,ue1_0.nome,ue1_0.password,ue1_0.role,ue1_0.score,ue1_0.telefone from users ue1_0 left join adress e1_0 on e1_0.id=ue1_0.endereco_id where ue1_0.id=?
2024-05-21 11:31:30 - update users set cep=?,cpf=?,email=?,endereco_id=?,login=?,nome=?,password=?,role=?,score=?,telefone=? where id=?
2024-05-21 11:31:30 - select ue1_0.id,ue1_0.cep,ue1_0.cpf,ue1_0.email,e1_0.id,e1_0.bairro,e1_0.cep,e1_0.localidade,e1_0.logradouro,e1_0.uf,ue1_0.login,ue1_0.nome,ue1_0.password,ue1_0.role,ue1_0.score,ue1_0.telefone from users ue1_0 left join adress e1_0 on e1_0.id=ue1_0.endereco_id where ue1_0.id=?
2024-05-21 11:31:30 - update users set cep=?,cpf=?,email=?,endereco_id=?,login=?,nome=?,password=?,role=?,score=?,telefone=? where id=?
2024-05-21 11:31:30 - select ue1_0.id,ue1_0.cep,ue1_0.cpf,ue1_0.email,e1_0.id,e1_0.bairro,e1_0.cep,e1_0.localidade,e1_0.logradouro,e1_0.uf,ue1_0.login,ue1_0.nome,ue1_0.password,ue1_0.role,ue1_0.score,ue1_0.telefone from users ue1_0 left join adress e1_0 on e1_0.id=ue1_0.endereco_id where ue1_0.id=?
2024-05-21 11:31:30 - update users set cep=?,cpf=?,email=?,endereco_id=?,login=?,nome=?,password=?,role=?,score=?,telefone=? where id=?
2024-05-21 11:31:30 - Unable to start LiveReload server
2024-05-21 11:31:30 - Starting ProtocolHandler ["http-nio-8080"]
2024-05-21 11:31:30 - Exception encountered during context initialization - cancelling refresh attempt: org.springframework.context.ApplicationContextException: Failed to start bean 'webServerStartStop'
2024-05-21 11:31:30 - Closing JPA EntityManagerFactory for persistence unit 'default'
2024-05-21 11:31:30 - HikariPool-1 - Shutdown initiated...
2024-05-21 11:31:30 - HikariPool-1 - Shutdown completed.
2024-05-21 11:31:30 - 

Error starting ApplicationContext. To display the condition evaluation report re-run your application with 'debug' enabled.
2024-05-21 11:31:30 - 

***************************
APPLICATION FAILED TO START
***************************

Description:

Web server failed to start. Port 8080 was already in use.

Action:

Identify and stop the process that's listening on port 8080 or configure this application to listen on another port.

2024-05-21 11:31:30 - Initializing Spring DispatcherServlet 'dispatcherServlet'
2024-05-21 11:31:30 - Initializing Servlet 'dispatcherServlet'
2024-05-21 11:31:30 - Completed initialization in 0 ms
2024-05-21 11:31:31 - select ue1_0.id,ue1_0.cep,ue1_0.cpf,ue1_0.email,ue1_0.endereco_id,ue1_0.login,ue1_0.nome,ue1_0.password,ue1_0.role,ue1_0.score,ue1_0.telefone from users ue1_0 where ue1_0.login=?
2024-05-21 11:31:31 - select ee1_0.id,ee1_0.bairro,ee1_0.cep,ee1_0.localidade,ee1_0.logradouro,ee1_0.uf from adress ee1_0 where ee1_0.id=?
2024-05-21 11:31:33 - Closing JPA EntityManagerFactory for persistence unit 'default'
2024-05-21 11:31:33 - HikariPool-1 - Shutdown initiated...
2024-05-21 11:31:33 - HikariPool-1 - Shutdown completed.
