2024-06-19 12:56:20 - Starting ProjetoScoreApplication using Java 21.0.2 with PID 2772 (C:\Users\bruno\Desktop\user-score\target\classes started by bruno in C:\Users\bruno\Desktop\user-score)
2024-06-19 12:56:20 - Running with Spring Boot v3.2.4, Spring v6.1.5
2024-06-19 12:56:20 - No active profile set, falling back to 1 default profile: "default"
2024-06-19 12:56:20 - Devtools property defaults active! Set 'spring.devtools.add-properties' to 'false' to disable
2024-06-19 12:56:20 - For additional web related logging consider setting the 'logging.level.web' property to 'DEBUG'
2024-06-19 12:56:21 - Bootstrapping Spring Data JPA repositories in DEFAULT mode.
2024-06-19 12:56:21 - Finished Spring Data repository scanning in 57 ms. Found 2 JPA repository interfaces.
2024-06-19 12:56:21 - Bean 'org.springframework.ws.config.annotation.DelegatingWsConfiguration' of type [org.springframework.ws.config.annotation.DelegatingWsConfiguration$$SpringCGLIB$$0] is not eligible for getting processed by all BeanPostProcessors (for example: not eligible for auto-proxying). The currently created BeanPostProcessor [annotationActionEndpointMapping] is declared through a non-static factory method on that class; consider declaring it as static instead.
2024-06-19 12:56:21 - Supporting [WS-Addressing August 2004, WS-Addressing 1.0]
2024-06-19 12:56:22 - Tomcat initialized with port 8080 (http)
2024-06-19 12:56:22 - Initializing ProtocolHandler ["http-nio-8080"]
2024-06-19 12:56:22 - Starting service [Tomcat]
2024-06-19 12:56:22 - Starting Servlet engine: [Apache Tomcat/10.1.19]
2024-06-19 12:56:22 - Initializing Spring embedded WebApplicationContext
2024-06-19 12:56:22 - Root WebApplicationContext: initialization completed in 2052 ms
2024-06-19 12:56:22 - HHH000204: Processing PersistenceUnitInfo [name: default]
2024-06-19 12:56:22 - HHH000412: Hibernate ORM core version 6.4.4.Final
2024-06-19 12:56:22 - HHH000026: Second-level cache disabled
2024-06-19 12:56:22 - No LoadTimeWeaver setup: ignoring JPA class transformer
2024-06-19 12:56:22 - HikariPool-1 - Starting...
2024-06-19 12:56:23 - HikariPool-1 - Added connection com.mysql.cj.jdbc.ConnectionImpl@7adbd7fa
2024-06-19 12:56:23 - HikariPool-1 - Start completed.
2024-06-19 12:56:24 - HHH000489: No JTA platform available (set 'hibernate.transaction.jta.platform' to enable JTA platform integration)
2024-06-19 12:56:24 - Initialized JPA EntityManagerFactory for persistence unit 'default'
2024-06-19 12:56:24 - Filter 'securityFilter' configured for use
2024-06-19 12:56:25 - spring.jpa.open-in-view is enabled by default. Therefore, database queries may be performed during view rendering. Explicitly configure spring.jpa.open-in-view to disable this warning
2024-06-19 12:56:25 - Will secure any request with [org.springframework.security.web.session.DisableEncodeUrlFilter@d331e1, org.springframework.security.web.context.request.async.WebAsyncManagerIntegrationFilter@553e0ea8, org.springframework.security.web.context.SecurityContextHolderFilter@2412b339, org.springframework.security.web.header.HeaderWriterFilter@a249f95, org.springframework.web.filter.CorsFilter@61a829a3, org.springframework.security.web.authentication.logout.LogoutFilter@9ccb8de, com.github.brunobuttros.userscore.service.SecurityFilter@5ce3557e, org.springframework.security.web.savedrequest.RequestCacheAwareFilter@368f83c5, org.springframework.security.web.servletapi.SecurityContextHolderAwareRequestFilter@6f22017b, org.springframework.security.web.authentication.AnonymousAuthenticationFilter@35ebd606, org.springframework.security.web.session.SessionManagementFilter@13e8bd2b, org.springframework.security.web.access.ExceptionTranslationFilter@7bd83351, org.springframework.security.web.access.intercept.AuthorizationFilter@4002a754]
2024-06-19 12:56:25 - LiveReload server is running on port 35729
2024-06-19 12:56:25 - Starting ProtocolHandler ["http-nio-8080"]
2024-06-19 12:56:25 - Tomcat started on port 8080 (http) with context path ''
2024-06-19 12:56:25 - Started ProjetoScoreApplication in 6.435 seconds (process running for 6.912)
2024-06-19 12:56:26 - select ue1_0.id,ue1_0.cep,ue1_0.cpf,ue1_0.email,ue1_0.endereco_id,ue1_0.login,ue1_0.nome,ue1_0.password,ue1_0.role,ue1_0.score,ue1_0.telefone from users ue1_0
2024-06-19 12:56:26 - select ee1_0.id,ee1_0.bairro,ee1_0.cep,ee1_0.localidade,ee1_0.logradouro,ee1_0.uf from adress ee1_0 where ee1_0.id=?
2024-06-19 12:56:26 - select ee1_0.id,ee1_0.bairro,ee1_0.cep,ee1_0.localidade,ee1_0.logradouro,ee1_0.uf from adress ee1_0 where ee1_0.id=?
2024-06-19 12:56:26 - select ee1_0.id,ee1_0.bairro,ee1_0.cep,ee1_0.localidade,ee1_0.logradouro,ee1_0.uf from adress ee1_0 where ee1_0.id=?
2024-06-19 12:56:26 - select ee1_0.id,ee1_0.bairro,ee1_0.cep,ee1_0.localidade,ee1_0.logradouro,ee1_0.uf from adress ee1_0 where ee1_0.id=?
2024-06-19 12:56:26 - select ee1_0.id,ee1_0.bairro,ee1_0.cep,ee1_0.localidade,ee1_0.logradouro,ee1_0.uf from adress ee1_0 where ee1_0.id=?
2024-06-19 12:56:26 - Unexpected error occurred in scheduled task
com.github.brunobuttros.userscore.exceptions.ScoreApiException: Erro ao chamar a API de pontuação: I/O error on POST request for "http://localhost:8081/score": Connection refused: connect
	at com.github.brunobuttros.userscore.service.ScoreApiClient.getScore(ScoreApiClient.java:48)
	at com.github.brunobuttros.userscore.service.FileService.atualizarArquivoUsuariosPeriodicamente(FileService.java:56)
	at java.base/jdk.internal.reflect.DirectMethodHandleAccessor.invoke(DirectMethodHandleAccessor.java:103)
	at java.base/java.lang.reflect.Method.invoke(Method.java:580)
	at org.springframework.scheduling.support.ScheduledMethodRunnable.runInternal(ScheduledMethodRunnable.java:130)
	at org.springframework.scheduling.support.ScheduledMethodRunnable.lambda$run$2(ScheduledMethodRunnable.java:124)
	at io.micrometer.observation.Observation.observe(Observation.java:499)
	at org.springframework.scheduling.support.ScheduledMethodRunnable.run(ScheduledMethodRunnable.java:124)
	at org.springframework.scheduling.support.DelegatingErrorHandlingRunnable.run(DelegatingErrorHandlingRunnable.java:54)
	at java.base/java.util.concurrent.Executors$RunnableAdapter.call(Executors.java:572)
	at java.base/java.util.concurrent.FutureTask.runAndReset(FutureTask.java:358)
	at java.base/java.util.concurrent.ScheduledThreadPoolExecutor$ScheduledFutureTask.run(ScheduledThreadPoolExecutor.java:305)
	at java.base/java.util.concurrent.ThreadPoolExecutor.runWorker(ThreadPoolExecutor.java:1144)
	at java.base/java.util.concurrent.ThreadPoolExecutor$Worker.run(ThreadPoolExecutor.java:642)
	at java.base/java.lang.Thread.run(Thread.java:1583)
2024-06-19 13:02:13 - Closing JPA EntityManagerFactory for persistence unit 'default'
2024-06-19 13:02:13 - HikariPool-1 - Shutdown initiated...
2024-06-19 13:02:13 - HikariPool-1 - Shutdown completed.
2024-06-19 13:02:17 - Starting ProjetoScoreApplication using Java 21.0.2 with PID 6436 (C:\Users\bruno\Desktop\user-score\target\classes started by bruno in C:\Users\bruno\Desktop\user-score)
2024-06-19 13:02:17 - Running with Spring Boot v3.2.4, Spring v6.1.5
2024-06-19 13:02:17 - No active profile set, falling back to 1 default profile: "default"
2024-06-19 13:02:17 - Devtools property defaults active! Set 'spring.devtools.add-properties' to 'false' to disable
2024-06-19 13:02:17 - For additional web related logging consider setting the 'logging.level.web' property to 'DEBUG'
2024-06-19 13:02:18 - Bootstrapping Spring Data JPA repositories in DEFAULT mode.
2024-06-19 13:02:18 - Finished Spring Data repository scanning in 52 ms. Found 2 JPA repository interfaces.
2024-06-19 13:02:18 - Bean 'org.springframework.ws.config.annotation.DelegatingWsConfiguration' of type [org.springframework.ws.config.annotation.DelegatingWsConfiguration$$SpringCGLIB$$0] is not eligible for getting processed by all BeanPostProcessors (for example: not eligible for auto-proxying). The currently created BeanPostProcessor [annotationActionEndpointMapping] is declared through a non-static factory method on that class; consider declaring it as static instead.
2024-06-19 13:02:18 - Supporting [WS-Addressing August 2004, WS-Addressing 1.0]
2024-06-19 13:02:19 - Tomcat initialized with port 8080 (http)
2024-06-19 13:02:19 - Initializing ProtocolHandler ["http-nio-8080"]
2024-06-19 13:02:19 - Starting service [Tomcat]
2024-06-19 13:02:19 - Starting Servlet engine: [Apache Tomcat/10.1.19]
2024-06-19 13:02:19 - Initializing Spring embedded WebApplicationContext
2024-06-19 13:02:19 - Root WebApplicationContext: initialization completed in 1864 ms
2024-06-19 13:02:19 - HHH000204: Processing PersistenceUnitInfo [name: default]
2024-06-19 13:02:19 - HHH000412: Hibernate ORM core version 6.4.4.Final
2024-06-19 13:02:19 - HHH000026: Second-level cache disabled
2024-06-19 13:02:19 - No LoadTimeWeaver setup: ignoring JPA class transformer
2024-06-19 13:02:19 - HikariPool-1 - Starting...
2024-06-19 13:02:20 - HikariPool-1 - Added connection com.mysql.cj.jdbc.ConnectionImpl@6c1566d7
2024-06-19 13:02:20 - HikariPool-1 - Start completed.
2024-06-19 13:02:21 - HHH000489: No JTA platform available (set 'hibernate.transaction.jta.platform' to enable JTA platform integration)
2024-06-19 13:02:21 - Initialized JPA EntityManagerFactory for persistence unit 'default'
2024-06-19 13:02:21 - Filter 'securityFilter' configured for use
2024-06-19 13:02:21 - spring.jpa.open-in-view is enabled by default. Therefore, database queries may be performed during view rendering. Explicitly configure spring.jpa.open-in-view to disable this warning
2024-06-19 13:02:21 - Will secure any request with [org.springframework.security.web.session.DisableEncodeUrlFilter@1eb6dd, org.springframework.security.web.context.request.async.WebAsyncManagerIntegrationFilter@1ad62c0d, org.springframework.security.web.context.SecurityContextHolderFilter@563debd1, org.springframework.security.web.header.HeaderWriterFilter@6e33722, org.springframework.web.filter.CorsFilter@4f87cfb7, org.springframework.security.web.authentication.logout.LogoutFilter@5dae0cf4, com.github.brunobuttros.userscore.service.SecurityFilter@4f0abd97, org.springframework.security.web.savedrequest.RequestCacheAwareFilter@5b90ae5e, org.springframework.security.web.servletapi.SecurityContextHolderAwareRequestFilter@5db8bbed, org.springframework.security.web.authentication.AnonymousAuthenticationFilter@4b6d6a2b, org.springframework.security.web.session.SessionManagementFilter@79df4c91, org.springframework.security.web.access.ExceptionTranslationFilter@696532ba, org.springframework.security.web.access.intercept.AuthorizationFilter@2ad6008b]
2024-06-19 13:02:22 - LiveReload server is running on port 35729
2024-06-19 13:02:22 - Starting ProtocolHandler ["http-nio-8080"]
2024-06-19 13:02:22 - Tomcat started on port 8080 (http) with context path ''
2024-06-19 13:02:22 - Started ProjetoScoreApplication in 5.313 seconds (process running for 5.807)
2024-06-19 13:02:22 - select ue1_0.id,ue1_0.cep,ue1_0.cpf,ue1_0.email,ue1_0.endereco_id,ue1_0.login,ue1_0.nome,ue1_0.password,ue1_0.role,ue1_0.score,ue1_0.telefone from users ue1_0
2024-06-19 13:02:22 - select ee1_0.id,ee1_0.bairro,ee1_0.cep,ee1_0.localidade,ee1_0.logradouro,ee1_0.uf from adress ee1_0 where ee1_0.id=?
2024-06-19 13:02:22 - select ee1_0.id,ee1_0.bairro,ee1_0.cep,ee1_0.localidade,ee1_0.logradouro,ee1_0.uf from adress ee1_0 where ee1_0.id=?
2024-06-19 13:02:22 - select ee1_0.id,ee1_0.bairro,ee1_0.cep,ee1_0.localidade,ee1_0.logradouro,ee1_0.uf from adress ee1_0 where ee1_0.id=?
2024-06-19 13:02:22 - select ee1_0.id,ee1_0.bairro,ee1_0.cep,ee1_0.localidade,ee1_0.logradouro,ee1_0.uf from adress ee1_0 where ee1_0.id=?
2024-06-19 13:02:22 - select ee1_0.id,ee1_0.bairro,ee1_0.cep,ee1_0.localidade,ee1_0.logradouro,ee1_0.uf from adress ee1_0 where ee1_0.id=?
2024-06-19 13:02:22 - select ue1_0.id,ue1_0.cep,ue1_0.cpf,ue1_0.email,e1_0.id,e1_0.bairro,e1_0.cep,e1_0.localidade,e1_0.logradouro,e1_0.uf,ue1_0.login,ue1_0.nome,ue1_0.password,ue1_0.role,ue1_0.score,ue1_0.telefone from users ue1_0 left join adress e1_0 on e1_0.id=ue1_0.endereco_id where ue1_0.id=?
2024-06-19 13:02:22 - update users set cep=?,cpf=?,email=?,endereco_id=?,login=?,nome=?,password=?,role=?,score=?,telefone=? where id=?
2024-06-19 13:02:22 - select ue1_0.id,ue1_0.cep,ue1_0.cpf,ue1_0.email,e1_0.id,e1_0.bairro,e1_0.cep,e1_0.localidade,e1_0.logradouro,e1_0.uf,ue1_0.login,ue1_0.nome,ue1_0.password,ue1_0.role,ue1_0.score,ue1_0.telefone from users ue1_0 left join adress e1_0 on e1_0.id=ue1_0.endereco_id where ue1_0.id=?
2024-06-19 13:02:22 - update users set cep=?,cpf=?,email=?,endereco_id=?,login=?,nome=?,password=?,role=?,score=?,telefone=? where id=?
2024-06-19 13:02:23 - select ue1_0.id,ue1_0.cep,ue1_0.cpf,ue1_0.email,e1_0.id,e1_0.bairro,e1_0.cep,e1_0.localidade,e1_0.logradouro,e1_0.uf,ue1_0.login,ue1_0.nome,ue1_0.password,ue1_0.role,ue1_0.score,ue1_0.telefone from users ue1_0 left join adress e1_0 on e1_0.id=ue1_0.endereco_id where ue1_0.id=?
2024-06-19 13:02:23 - update users set cep=?,cpf=?,email=?,endereco_id=?,login=?,nome=?,password=?,role=?,score=?,telefone=? where id=?
2024-06-19 13:02:23 - select ue1_0.id,ue1_0.cep,ue1_0.cpf,ue1_0.email,e1_0.id,e1_0.bairro,e1_0.cep,e1_0.localidade,e1_0.logradouro,e1_0.uf,ue1_0.login,ue1_0.nome,ue1_0.password,ue1_0.role,ue1_0.score,ue1_0.telefone from users ue1_0 left join adress e1_0 on e1_0.id=ue1_0.endereco_id where ue1_0.id=?
2024-06-19 13:02:23 - update users set cep=?,cpf=?,email=?,endereco_id=?,login=?,nome=?,password=?,role=?,score=?,telefone=? where id=?
2024-06-19 13:02:23 - select ue1_0.id,ue1_0.cep,ue1_0.cpf,ue1_0.email,e1_0.id,e1_0.bairro,e1_0.cep,e1_0.localidade,e1_0.logradouro,e1_0.uf,ue1_0.login,ue1_0.nome,ue1_0.password,ue1_0.role,ue1_0.score,ue1_0.telefone from users ue1_0 left join adress e1_0 on e1_0.id=ue1_0.endereco_id where ue1_0.id=?
2024-06-19 13:02:23 - update users set cep=?,cpf=?,email=?,endereco_id=?,login=?,nome=?,password=?,role=?,score=?,telefone=? where id=?
2024-06-19 13:02:23 - select ue1_0.id,ue1_0.cep,ue1_0.cpf,ue1_0.email,e1_0.id,e1_0.bairro,e1_0.cep,e1_0.localidade,e1_0.logradouro,e1_0.uf,ue1_0.login,ue1_0.nome,ue1_0.password,ue1_0.role,ue1_0.score,ue1_0.telefone from users ue1_0 left join adress e1_0 on e1_0.id=ue1_0.endereco_id where ue1_0.id=?
2024-06-19 13:02:23 - update users set cep=?,cpf=?,email=?,endereco_id=?,login=?,nome=?,password=?,role=?,score=?,telefone=? where id=?
2024-06-19 13:02:23 - select ue1_0.id,ue1_0.cep,ue1_0.cpf,ue1_0.email,e1_0.id,e1_0.bairro,e1_0.cep,e1_0.localidade,e1_0.logradouro,e1_0.uf,ue1_0.login,ue1_0.nome,ue1_0.password,ue1_0.role,ue1_0.score,ue1_0.telefone from users ue1_0 left join adress e1_0 on e1_0.id=ue1_0.endereco_id where ue1_0.id=?
2024-06-19 13:02:23 - update users set cep=?,cpf=?,email=?,endereco_id=?,login=?,nome=?,password=?,role=?,score=?,telefone=? where id=?
2024-06-19 13:02:23 - select ue1_0.id,ue1_0.cep,ue1_0.cpf,ue1_0.email,e1_0.id,e1_0.bairro,e1_0.cep,e1_0.localidade,e1_0.logradouro,e1_0.uf,ue1_0.login,ue1_0.nome,ue1_0.password,ue1_0.role,ue1_0.score,ue1_0.telefone from users ue1_0 left join adress e1_0 on e1_0.id=ue1_0.endereco_id where ue1_0.id=?
2024-06-19 13:02:23 - update users set cep=?,cpf=?,email=?,endereco_id=?,login=?,nome=?,password=?,role=?,score=?,telefone=? where id=?
2024-06-19 13:02:41 - Initializing Spring DispatcherServlet 'dispatcherServlet'
2024-06-19 13:02:41 - Initializing Servlet 'dispatcherServlet'
2024-06-19 13:02:41 - Completed initialization in 0 ms
2024-06-19 13:02:42 - Carregando informações do usuário com nome de usuário: Logi4
2024-06-19 13:02:42 - select ue1_0.id,ue1_0.cep,ue1_0.cpf,ue1_0.email,ue1_0.endereco_id,ue1_0.login,ue1_0.nome,ue1_0.password,ue1_0.role,ue1_0.score,ue1_0.telefone from users ue1_0 where ue1_0.login=?
2024-06-19 13:02:42 - select ee1_0.id,ee1_0.bairro,ee1_0.cep,ee1_0.localidade,ee1_0.logradouro,ee1_0.uf from adress ee1_0 where ee1_0.id=?
2024-06-19 13:02:42 - Informações do usuário carregadas com sucesso.
2024-06-19 13:02:42 - select ue1_0.id,ue1_0.cep,ue1_0.cpf,ue1_0.email,ue1_0.endereco_id,ue1_0.login,ue1_0.nome,ue1_0.password,ue1_0.role,ue1_0.score,ue1_0.telefone from users ue1_0
2024-06-19 13:02:42 - select ee1_0.id,ee1_0.bairro,ee1_0.cep,ee1_0.localidade,ee1_0.logradouro,ee1_0.uf from adress ee1_0 where ee1_0.id=?
2024-06-19 13:02:42 - select ee1_0.id,ee1_0.bairro,ee1_0.cep,ee1_0.localidade,ee1_0.logradouro,ee1_0.uf from adress ee1_0 where ee1_0.id=?
2024-06-19 13:02:42 - select ee1_0.id,ee1_0.bairro,ee1_0.cep,ee1_0.localidade,ee1_0.logradouro,ee1_0.uf from adress ee1_0 where ee1_0.id=?
2024-06-19 13:02:42 - select ee1_0.id,ee1_0.bairro,ee1_0.cep,ee1_0.localidade,ee1_0.logradouro,ee1_0.uf from adress ee1_0 where ee1_0.id=?
2024-06-19 13:02:42 - select ee1_0.id,ee1_0.bairro,ee1_0.cep,ee1_0.localidade,ee1_0.logradouro,ee1_0.uf from adress ee1_0 where ee1_0.id=?
2024-06-19 13:03:06 - select ue1_0.id,ue1_0.cep,ue1_0.cpf,ue1_0.email,ue1_0.endereco_id,ue1_0.login,ue1_0.nome,ue1_0.password,ue1_0.role,ue1_0.score,ue1_0.telefone from users ue1_0
2024-06-19 13:03:06 - select ee1_0.id,ee1_0.bairro,ee1_0.cep,ee1_0.localidade,ee1_0.logradouro,ee1_0.uf from adress ee1_0 where ee1_0.id=?
2024-06-19 13:03:06 - select ee1_0.id,ee1_0.bairro,ee1_0.cep,ee1_0.localidade,ee1_0.logradouro,ee1_0.uf from adress ee1_0 where ee1_0.id=?
2024-06-19 13:03:06 - select ee1_0.id,ee1_0.bairro,ee1_0.cep,ee1_0.localidade,ee1_0.logradouro,ee1_0.uf from adress ee1_0 where ee1_0.id=?
2024-06-19 13:03:06 - select ee1_0.id,ee1_0.bairro,ee1_0.cep,ee1_0.localidade,ee1_0.logradouro,ee1_0.uf from adress ee1_0 where ee1_0.id=?
2024-06-19 13:03:06 - select ee1_0.id,ee1_0.bairro,ee1_0.cep,ee1_0.localidade,ee1_0.logradouro,ee1_0.uf from adress ee1_0 where ee1_0.id=?
2024-06-19 13:03:08 - select ue1_0.id,ue1_0.cep,ue1_0.cpf,ue1_0.email,ue1_0.endereco_id,ue1_0.login,ue1_0.nome,ue1_0.password,ue1_0.role,ue1_0.score,ue1_0.telefone from users ue1_0
2024-06-19 13:03:08 - select ee1_0.id,ee1_0.bairro,ee1_0.cep,ee1_0.localidade,ee1_0.logradouro,ee1_0.uf from adress ee1_0 where ee1_0.id=?
2024-06-19 13:03:08 - select ee1_0.id,ee1_0.bairro,ee1_0.cep,ee1_0.localidade,ee1_0.logradouro,ee1_0.uf from adress ee1_0 where ee1_0.id=?
2024-06-19 13:03:08 - select ee1_0.id,ee1_0.bairro,ee1_0.cep,ee1_0.localidade,ee1_0.logradouro,ee1_0.uf from adress ee1_0 where ee1_0.id=?
2024-06-19 13:03:08 - select ee1_0.id,ee1_0.bairro,ee1_0.cep,ee1_0.localidade,ee1_0.logradouro,ee1_0.uf from adress ee1_0 where ee1_0.id=?
2024-06-19 13:03:08 - select ee1_0.id,ee1_0.bairro,ee1_0.cep,ee1_0.localidade,ee1_0.logradouro,ee1_0.uf from adress ee1_0 where ee1_0.id=?
2024-06-19 13:03:12 - Carregando informações do usuário com nome de usuário: Logi4
2024-06-19 13:03:12 - select ue1_0.id,ue1_0.cep,ue1_0.cpf,ue1_0.email,ue1_0.endereco_id,ue1_0.login,ue1_0.nome,ue1_0.password,ue1_0.role,ue1_0.score,ue1_0.telefone from users ue1_0 where ue1_0.login=?
2024-06-19 13:03:12 - select ee1_0.id,ee1_0.bairro,ee1_0.cep,ee1_0.localidade,ee1_0.logradouro,ee1_0.uf from adress ee1_0 where ee1_0.id=?
2024-06-19 13:03:12 - Informações do usuário carregadas com sucesso.
2024-06-19 13:03:12 - select ue1_0.id,ue1_0.cep,ue1_0.cpf,ue1_0.email,ue1_0.endereco_id,ue1_0.login,ue1_0.nome,ue1_0.password,ue1_0.role,ue1_0.score,ue1_0.telefone from users ue1_0
2024-06-19 13:03:12 - select ee1_0.id,ee1_0.bairro,ee1_0.cep,ee1_0.localidade,ee1_0.logradouro,ee1_0.uf from adress ee1_0 where ee1_0.id=?
2024-06-19 13:03:12 - select ee1_0.id,ee1_0.bairro,ee1_0.cep,ee1_0.localidade,ee1_0.logradouro,ee1_0.uf from adress ee1_0 where ee1_0.id=?
2024-06-19 13:03:12 - select ee1_0.id,ee1_0.bairro,ee1_0.cep,ee1_0.localidade,ee1_0.logradouro,ee1_0.uf from adress ee1_0 where ee1_0.id=?
2024-06-19 13:03:12 - select ee1_0.id,ee1_0.bairro,ee1_0.cep,ee1_0.localidade,ee1_0.logradouro,ee1_0.uf from adress ee1_0 where ee1_0.id=?
2024-06-19 13:03:12 - select ee1_0.id,ee1_0.bairro,ee1_0.cep,ee1_0.localidade,ee1_0.logradouro,ee1_0.uf from adress ee1_0 where ee1_0.id=?
2024-06-19 13:03:57 - select ue1_0.id,ue1_0.cep,ue1_0.cpf,ue1_0.email,ue1_0.endereco_id,ue1_0.login,ue1_0.nome,ue1_0.password,ue1_0.role,ue1_0.score,ue1_0.telefone from users ue1_0
2024-06-19 13:03:57 - select ee1_0.id,ee1_0.bairro,ee1_0.cep,ee1_0.localidade,ee1_0.logradouro,ee1_0.uf from adress ee1_0 where ee1_0.id=?
2024-06-19 13:03:57 - select ee1_0.id,ee1_0.bairro,ee1_0.cep,ee1_0.localidade,ee1_0.logradouro,ee1_0.uf from adress ee1_0 where ee1_0.id=?
2024-06-19 13:03:57 - select ee1_0.id,ee1_0.bairro,ee1_0.cep,ee1_0.localidade,ee1_0.logradouro,ee1_0.uf from adress ee1_0 where ee1_0.id=?
2024-06-19 13:03:57 - select ee1_0.id,ee1_0.bairro,ee1_0.cep,ee1_0.localidade,ee1_0.logradouro,ee1_0.uf from adress ee1_0 where ee1_0.id=?
2024-06-19 13:03:57 - select ee1_0.id,ee1_0.bairro,ee1_0.cep,ee1_0.localidade,ee1_0.logradouro,ee1_0.uf from adress ee1_0 where ee1_0.id=?
2024-06-19 13:04:01 - Carregando informações do usuário com nome de usuário: Logi4
2024-06-19 13:04:01 - select ue1_0.id,ue1_0.cep,ue1_0.cpf,ue1_0.email,ue1_0.endereco_id,ue1_0.login,ue1_0.nome,ue1_0.password,ue1_0.role,ue1_0.score,ue1_0.telefone from users ue1_0 where ue1_0.login=?
2024-06-19 13:04:01 - select ee1_0.id,ee1_0.bairro,ee1_0.cep,ee1_0.localidade,ee1_0.logradouro,ee1_0.uf from adress ee1_0 where ee1_0.id=?
2024-06-19 13:04:01 - Informações do usuário carregadas com sucesso.
2024-06-19 13:04:01 - select ue1_0.id,ue1_0.cep,ue1_0.cpf,ue1_0.email,ue1_0.endereco_id,ue1_0.login,ue1_0.nome,ue1_0.password,ue1_0.role,ue1_0.score,ue1_0.telefone from users ue1_0
2024-06-19 13:04:01 - select ee1_0.id,ee1_0.bairro,ee1_0.cep,ee1_0.localidade,ee1_0.logradouro,ee1_0.uf from adress ee1_0 where ee1_0.id=?
2024-06-19 13:04:01 - select ee1_0.id,ee1_0.bairro,ee1_0.cep,ee1_0.localidade,ee1_0.logradouro,ee1_0.uf from adress ee1_0 where ee1_0.id=?
2024-06-19 13:04:01 - select ee1_0.id,ee1_0.bairro,ee1_0.cep,ee1_0.localidade,ee1_0.logradouro,ee1_0.uf from adress ee1_0 where ee1_0.id=?
2024-06-19 13:04:01 - select ee1_0.id,ee1_0.bairro,ee1_0.cep,ee1_0.localidade,ee1_0.logradouro,ee1_0.uf from adress ee1_0 where ee1_0.id=?
2024-06-19 13:04:01 - select ee1_0.id,ee1_0.bairro,ee1_0.cep,ee1_0.localidade,ee1_0.logradouro,ee1_0.uf from adress ee1_0 where ee1_0.id=?
2024-06-19 13:06:20 - Closing JPA EntityManagerFactory for persistence unit 'default'
2024-06-19 13:06:20 - HikariPool-1 - Shutdown initiated...
2024-06-19 13:06:20 - HikariPool-1 - Shutdown completed.
2024-06-19 13:06:25 - Starting ProjetoScoreApplication using Java 21.0.2 with PID 10504 (C:\Users\bruno\Desktop\user-score\target\classes started by bruno in C:\Users\bruno\Desktop\user-score)
2024-06-19 13:06:25 - Running with Spring Boot v3.2.4, Spring v6.1.5
2024-06-19 13:06:25 - No active profile set, falling back to 1 default profile: "default"
2024-06-19 13:06:25 - Devtools property defaults active! Set 'spring.devtools.add-properties' to 'false' to disable
2024-06-19 13:06:25 - For additional web related logging consider setting the 'logging.level.web' property to 'DEBUG'
2024-06-19 13:06:26 - Bootstrapping Spring Data JPA repositories in DEFAULT mode.
2024-06-19 13:06:26 - Finished Spring Data repository scanning in 51 ms. Found 2 JPA repository interfaces.
2024-06-19 13:06:26 - Bean 'org.springframework.ws.config.annotation.DelegatingWsConfiguration' of type [org.springframework.ws.config.annotation.DelegatingWsConfiguration$$SpringCGLIB$$0] is not eligible for getting processed by all BeanPostProcessors (for example: not eligible for auto-proxying). The currently created BeanPostProcessor [annotationActionEndpointMapping] is declared through a non-static factory method on that class; consider declaring it as static instead.
2024-06-19 13:06:26 - Supporting [WS-Addressing August 2004, WS-Addressing 1.0]
2024-06-19 13:06:27 - Tomcat initialized with port 8080 (http)
2024-06-19 13:06:27 - Initializing ProtocolHandler ["http-nio-8080"]
2024-06-19 13:06:27 - Starting service [Tomcat]
2024-06-19 13:06:27 - Starting Servlet engine: [Apache Tomcat/10.1.19]
2024-06-19 13:06:27 - Initializing Spring embedded WebApplicationContext
2024-06-19 13:06:27 - Root WebApplicationContext: initialization completed in 1753 ms
2024-06-19 13:06:27 - HHH000204: Processing PersistenceUnitInfo [name: default]
2024-06-19 13:06:27 - HHH000412: Hibernate ORM core version 6.4.4.Final
2024-06-19 13:06:27 - HHH000026: Second-level cache disabled
2024-06-19 13:06:27 - No LoadTimeWeaver setup: ignoring JPA class transformer
2024-06-19 13:06:27 - HikariPool-1 - Starting...
2024-06-19 13:06:28 - HikariPool-1 - Added connection com.mysql.cj.jdbc.ConnectionImpl@27cce8f1
2024-06-19 13:06:28 - HikariPool-1 - Start completed.
2024-06-19 13:06:28 - HHH000489: No JTA platform available (set 'hibernate.transaction.jta.platform' to enable JTA platform integration)
2024-06-19 13:06:28 - Initialized JPA EntityManagerFactory for persistence unit 'default'
2024-06-19 13:06:29 - Filter 'securityFilter' configured for use
2024-06-19 13:06:29 - spring.jpa.open-in-view is enabled by default. Therefore, database queries may be performed during view rendering. Explicitly configure spring.jpa.open-in-view to disable this warning
2024-06-19 13:06:29 - Will secure any request with [org.springframework.security.web.session.DisableEncodeUrlFilter@6a58c7, org.springframework.security.web.context.request.async.WebAsyncManagerIntegrationFilter@42c41cbc, org.springframework.security.web.context.SecurityContextHolderFilter@2d5ea36d, org.springframework.security.web.header.HeaderWriterFilter@1b56cb3e, org.springframework.web.filter.CorsFilter@2219e2ed, org.springframework.security.web.authentication.logout.LogoutFilter@4d596b75, com.github.brunobuttros.userscore.service.SecurityFilter@47146290, org.springframework.security.web.savedrequest.RequestCacheAwareFilter@7e899956, org.springframework.security.web.servletapi.SecurityContextHolderAwareRequestFilter@25dcd53a, org.springframework.security.web.authentication.AnonymousAuthenticationFilter@604c6544, org.springframework.security.web.session.SessionManagementFilter@185f8ce0, org.springframework.security.web.access.ExceptionTranslationFilter@193ffa7a, org.springframework.security.web.access.intercept.AuthorizationFilter@302e484e]
2024-06-19 13:06:29 - LiveReload server is running on port 35729
2024-06-19 13:06:29 - Starting ProtocolHandler ["http-nio-8080"]
2024-06-19 13:06:29 - Tomcat started on port 8080 (http) with context path ''
2024-06-19 13:06:29 - Started ProjetoScoreApplication in 4.966 seconds (process running for 5.42)
2024-06-19 13:06:29 - select ue1_0.id,ue1_0.cep,ue1_0.cpf,ue1_0.email,ue1_0.endereco_id,ue1_0.login,ue1_0.nome,ue1_0.password,ue1_0.role,ue1_0.score,ue1_0.telefone from users ue1_0
2024-06-19 13:06:29 - select ee1_0.id,ee1_0.bairro,ee1_0.cep,ee1_0.localidade,ee1_0.logradouro,ee1_0.uf from adress ee1_0 where ee1_0.id=?
2024-06-19 13:06:29 - select ee1_0.id,ee1_0.bairro,ee1_0.cep,ee1_0.localidade,ee1_0.logradouro,ee1_0.uf from adress ee1_0 where ee1_0.id=?
2024-06-19 13:06:29 - select ee1_0.id,ee1_0.bairro,ee1_0.cep,ee1_0.localidade,ee1_0.logradouro,ee1_0.uf from adress ee1_0 where ee1_0.id=?
2024-06-19 13:06:29 - select ee1_0.id,ee1_0.bairro,ee1_0.cep,ee1_0.localidade,ee1_0.logradouro,ee1_0.uf from adress ee1_0 where ee1_0.id=?
2024-06-19 13:06:29 - select ee1_0.id,ee1_0.bairro,ee1_0.cep,ee1_0.localidade,ee1_0.logradouro,ee1_0.uf from adress ee1_0 where ee1_0.id=?
2024-06-19 13:06:30 - select ue1_0.id,ue1_0.cep,ue1_0.cpf,ue1_0.email,e1_0.id,e1_0.bairro,e1_0.cep,e1_0.localidade,e1_0.logradouro,e1_0.uf,ue1_0.login,ue1_0.nome,ue1_0.password,ue1_0.role,ue1_0.score,ue1_0.telefone from users ue1_0 left join adress e1_0 on e1_0.id=ue1_0.endereco_id where ue1_0.id=?
2024-06-19 13:06:30 - update users set cep=?,cpf=?,email=?,endereco_id=?,login=?,nome=?,password=?,role=?,score=?,telefone=? where id=?
2024-06-19 13:06:30 - select ue1_0.id,ue1_0.cep,ue1_0.cpf,ue1_0.email,e1_0.id,e1_0.bairro,e1_0.cep,e1_0.localidade,e1_0.logradouro,e1_0.uf,ue1_0.login,ue1_0.nome,ue1_0.password,ue1_0.role,ue1_0.score,ue1_0.telefone from users ue1_0 left join adress e1_0 on e1_0.id=ue1_0.endereco_id where ue1_0.id=?
2024-06-19 13:06:30 - update users set cep=?,cpf=?,email=?,endereco_id=?,login=?,nome=?,password=?,role=?,score=?,telefone=? where id=?
2024-06-19 13:06:30 - select ue1_0.id,ue1_0.cep,ue1_0.cpf,ue1_0.email,e1_0.id,e1_0.bairro,e1_0.cep,e1_0.localidade,e1_0.logradouro,e1_0.uf,ue1_0.login,ue1_0.nome,ue1_0.password,ue1_0.role,ue1_0.score,ue1_0.telefone from users ue1_0 left join adress e1_0 on e1_0.id=ue1_0.endereco_id where ue1_0.id=?
2024-06-19 13:06:30 - update users set cep=?,cpf=?,email=?,endereco_id=?,login=?,nome=?,password=?,role=?,score=?,telefone=? where id=?
2024-06-19 13:06:30 - select ue1_0.id,ue1_0.cep,ue1_0.cpf,ue1_0.email,e1_0.id,e1_0.bairro,e1_0.cep,e1_0.localidade,e1_0.logradouro,e1_0.uf,ue1_0.login,ue1_0.nome,ue1_0.password,ue1_0.role,ue1_0.score,ue1_0.telefone from users ue1_0 left join adress e1_0 on e1_0.id=ue1_0.endereco_id where ue1_0.id=?
2024-06-19 13:06:30 - update users set cep=?,cpf=?,email=?,endereco_id=?,login=?,nome=?,password=?,role=?,score=?,telefone=? where id=?
2024-06-19 13:06:30 - select ue1_0.id,ue1_0.cep,ue1_0.cpf,ue1_0.email,e1_0.id,e1_0.bairro,e1_0.cep,e1_0.localidade,e1_0.logradouro,e1_0.uf,ue1_0.login,ue1_0.nome,ue1_0.password,ue1_0.role,ue1_0.score,ue1_0.telefone from users ue1_0 left join adress e1_0 on e1_0.id=ue1_0.endereco_id where ue1_0.id=?
2024-06-19 13:06:30 - update users set cep=?,cpf=?,email=?,endereco_id=?,login=?,nome=?,password=?,role=?,score=?,telefone=? where id=?
2024-06-19 13:06:30 - select ue1_0.id,ue1_0.cep,ue1_0.cpf,ue1_0.email,e1_0.id,e1_0.bairro,e1_0.cep,e1_0.localidade,e1_0.logradouro,e1_0.uf,ue1_0.login,ue1_0.nome,ue1_0.password,ue1_0.role,ue1_0.score,ue1_0.telefone from users ue1_0 left join adress e1_0 on e1_0.id=ue1_0.endereco_id where ue1_0.id=?
2024-06-19 13:06:30 - update users set cep=?,cpf=?,email=?,endereco_id=?,login=?,nome=?,password=?,role=?,score=?,telefone=? where id=?
2024-06-19 13:06:30 - select ue1_0.id,ue1_0.cep,ue1_0.cpf,ue1_0.email,e1_0.id,e1_0.bairro,e1_0.cep,e1_0.localidade,e1_0.logradouro,e1_0.uf,ue1_0.login,ue1_0.nome,ue1_0.password,ue1_0.role,ue1_0.score,ue1_0.telefone from users ue1_0 left join adress e1_0 on e1_0.id=ue1_0.endereco_id where ue1_0.id=?
2024-06-19 13:06:30 - update users set cep=?,cpf=?,email=?,endereco_id=?,login=?,nome=?,password=?,role=?,score=?,telefone=? where id=?
2024-06-19 13:06:30 - select ue1_0.id,ue1_0.cep,ue1_0.cpf,ue1_0.email,e1_0.id,e1_0.bairro,e1_0.cep,e1_0.localidade,e1_0.logradouro,e1_0.uf,ue1_0.login,ue1_0.nome,ue1_0.password,ue1_0.role,ue1_0.score,ue1_0.telefone from users ue1_0 left join adress e1_0 on e1_0.id=ue1_0.endereco_id where ue1_0.id=?
2024-06-19 13:06:30 - update users set cep=?,cpf=?,email=?,endereco_id=?,login=?,nome=?,password=?,role=?,score=?,telefone=? where id=?
2024-06-19 13:07:14 - Initializing Spring DispatcherServlet 'dispatcherServlet'
2024-06-19 13:07:14 - Initializing Servlet 'dispatcherServlet'
2024-06-19 13:07:14 - Completed initialization in 0 ms
2024-06-19 13:07:14 - Carregando informações do usuário com nome de usuário: Logi4
2024-06-19 13:07:14 - select ue1_0.id,ue1_0.cep,ue1_0.cpf,ue1_0.email,ue1_0.endereco_id,ue1_0.login,ue1_0.nome,ue1_0.password,ue1_0.role,ue1_0.score,ue1_0.telefone from users ue1_0 where ue1_0.login=?
2024-06-19 13:07:14 - select ee1_0.id,ee1_0.bairro,ee1_0.cep,ee1_0.localidade,ee1_0.logradouro,ee1_0.uf from adress ee1_0 where ee1_0.id=?
2024-06-19 13:07:14 - Informações do usuário carregadas com sucesso.
2024-06-19 13:07:14 - select ue1_0.id,ue1_0.cep,ue1_0.cpf,ue1_0.email,ue1_0.endereco_id,ue1_0.login,ue1_0.nome,ue1_0.password,ue1_0.role,ue1_0.score,ue1_0.telefone from users ue1_0
2024-06-19 13:07:14 - select ee1_0.id,ee1_0.bairro,ee1_0.cep,ee1_0.localidade,ee1_0.logradouro,ee1_0.uf from adress ee1_0 where ee1_0.id=?
2024-06-19 13:07:14 - select ee1_0.id,ee1_0.bairro,ee1_0.cep,ee1_0.localidade,ee1_0.logradouro,ee1_0.uf from adress ee1_0 where ee1_0.id=?
2024-06-19 13:07:14 - select ee1_0.id,ee1_0.bairro,ee1_0.cep,ee1_0.localidade,ee1_0.logradouro,ee1_0.uf from adress ee1_0 where ee1_0.id=?
2024-06-19 13:07:14 - select ee1_0.id,ee1_0.bairro,ee1_0.cep,ee1_0.localidade,ee1_0.logradouro,ee1_0.uf from adress ee1_0 where ee1_0.id=?
2024-06-19 13:07:14 - select ee1_0.id,ee1_0.bairro,ee1_0.cep,ee1_0.localidade,ee1_0.logradouro,ee1_0.uf from adress ee1_0 where ee1_0.id=?
2024-06-19 13:08:01 - Closing JPA EntityManagerFactory for persistence unit 'default'
2024-06-19 13:08:01 - HikariPool-1 - Shutdown initiated...
2024-06-19 13:08:01 - HikariPool-1 - Shutdown completed.
2024-06-19 13:08:04 - Starting ProjetoScoreApplication using Java 21.0.2 with PID 10356 (C:\Users\bruno\Desktop\user-score\target\classes started by bruno in C:\Users\bruno\Desktop\user-score)
2024-06-19 13:08:04 - Running with Spring Boot v3.2.4, Spring v6.1.5
2024-06-19 13:08:04 - No active profile set, falling back to 1 default profile: "default"
2024-06-19 13:08:04 - Devtools property defaults active! Set 'spring.devtools.add-properties' to 'false' to disable
2024-06-19 13:08:04 - For additional web related logging consider setting the 'logging.level.web' property to 'DEBUG'
2024-06-19 13:08:05 - Bootstrapping Spring Data JPA repositories in DEFAULT mode.
2024-06-19 13:08:05 - Finished Spring Data repository scanning in 69 ms. Found 2 JPA repository interfaces.
2024-06-19 13:08:05 - Bean 'org.springframework.ws.config.annotation.DelegatingWsConfiguration' of type [org.springframework.ws.config.annotation.DelegatingWsConfiguration$$SpringCGLIB$$0] is not eligible for getting processed by all BeanPostProcessors (for example: not eligible for auto-proxying). The currently created BeanPostProcessor [annotationActionEndpointMapping] is declared through a non-static factory method on that class; consider declaring it as static instead.
2024-06-19 13:08:05 - Supporting [WS-Addressing August 2004, WS-Addressing 1.0]
2024-06-19 13:08:06 - Tomcat initialized with port 8080 (http)
2024-06-19 13:08:06 - Initializing ProtocolHandler ["http-nio-8080"]
2024-06-19 13:08:06 - Starting service [Tomcat]
2024-06-19 13:08:06 - Starting Servlet engine: [Apache Tomcat/10.1.19]
2024-06-19 13:08:06 - Initializing Spring embedded WebApplicationContext
2024-06-19 13:08:06 - Root WebApplicationContext: initialization completed in 2103 ms
2024-06-19 13:08:06 - HHH000204: Processing PersistenceUnitInfo [name: default]
2024-06-19 13:08:06 - HHH000412: Hibernate ORM core version 6.4.4.Final
2024-06-19 13:08:06 - HHH000026: Second-level cache disabled
2024-06-19 13:08:07 - No LoadTimeWeaver setup: ignoring JPA class transformer
2024-06-19 13:08:07 - HikariPool-1 - Starting...
2024-06-19 13:08:07 - HikariPool-1 - Added connection com.mysql.cj.jdbc.ConnectionImpl@2ed65d6d
2024-06-19 13:08:07 - HikariPool-1 - Start completed.
2024-06-19 13:08:08 - HHH000489: No JTA platform available (set 'hibernate.transaction.jta.platform' to enable JTA platform integration)
2024-06-19 13:08:08 - Initialized JPA EntityManagerFactory for persistence unit 'default'
2024-06-19 13:08:09 - Filter 'securityFilter' configured for use
2024-06-19 13:08:09 - spring.jpa.open-in-view is enabled by default. Therefore, database queries may be performed during view rendering. Explicitly configure spring.jpa.open-in-view to disable this warning
2024-06-19 13:08:09 - Will secure any request with [org.springframework.security.web.session.DisableEncodeUrlFilter@25a5f262, org.springframework.security.web.context.request.async.WebAsyncManagerIntegrationFilter@23f93ccc, org.springframework.security.web.context.SecurityContextHolderFilter@56f4315a, org.springframework.security.web.header.HeaderWriterFilter@1a0fcaf0, org.springframework.web.filter.CorsFilter@566361f3, org.springframework.security.web.authentication.logout.LogoutFilter@19f9f3f4, com.github.brunobuttros.userscore.service.SecurityFilter@40625c01, org.springframework.security.web.savedrequest.RequestCacheAwareFilter@402d7dd1, org.springframework.security.web.servletapi.SecurityContextHolderAwareRequestFilter@57ed0f3a, org.springframework.security.web.authentication.AnonymousAuthenticationFilter@e247521, org.springframework.security.web.session.SessionManagementFilter@125acc5e, org.springframework.security.web.access.ExceptionTranslationFilter@195a85b3, org.springframework.security.web.access.intercept.AuthorizationFilter@54da400a]
2024-06-19 13:08:09 - Unable to start LiveReload server
2024-06-19 13:08:10 - Starting ProtocolHandler ["http-nio-8080"]
2024-06-19 13:08:10 - Tomcat started on port 8080 (http) with context path ''
2024-06-19 13:08:10 - Started ProjetoScoreApplication in 6.095 seconds (process running for 6.516)
2024-06-19 13:08:10 - select ue1_0.id,ue1_0.cep,ue1_0.cpf,ue1_0.email,ue1_0.endereco_id,ue1_0.login,ue1_0.nome,ue1_0.password,ue1_0.role,ue1_0.score,ue1_0.telefone from users ue1_0
2024-06-19 13:08:10 - select ee1_0.id,ee1_0.bairro,ee1_0.cep,ee1_0.localidade,ee1_0.logradouro,ee1_0.uf from adress ee1_0 where ee1_0.id=?
2024-06-19 13:08:10 - select ee1_0.id,ee1_0.bairro,ee1_0.cep,ee1_0.localidade,ee1_0.logradouro,ee1_0.uf from adress ee1_0 where ee1_0.id=?
2024-06-19 13:08:10 - select ee1_0.id,ee1_0.bairro,ee1_0.cep,ee1_0.localidade,ee1_0.logradouro,ee1_0.uf from adress ee1_0 where ee1_0.id=?
2024-06-19 13:08:10 - select ee1_0.id,ee1_0.bairro,ee1_0.cep,ee1_0.localidade,ee1_0.logradouro,ee1_0.uf from adress ee1_0 where ee1_0.id=?
2024-06-19 13:08:10 - select ee1_0.id,ee1_0.bairro,ee1_0.cep,ee1_0.localidade,ee1_0.logradouro,ee1_0.uf from adress ee1_0 where ee1_0.id=?
2024-06-19 13:08:10 - select ue1_0.id,ue1_0.cep,ue1_0.cpf,ue1_0.email,e1_0.id,e1_0.bairro,e1_0.cep,e1_0.localidade,e1_0.logradouro,e1_0.uf,ue1_0.login,ue1_0.nome,ue1_0.password,ue1_0.role,ue1_0.score,ue1_0.telefone from users ue1_0 left join adress e1_0 on e1_0.id=ue1_0.endereco_id where ue1_0.id=?
2024-06-19 13:08:10 - update users set cep=?,cpf=?,email=?,endereco_id=?,login=?,nome=?,password=?,role=?,score=?,telefone=? where id=?
2024-06-19 13:08:10 - select ue1_0.id,ue1_0.cep,ue1_0.cpf,ue1_0.email,e1_0.id,e1_0.bairro,e1_0.cep,e1_0.localidade,e1_0.logradouro,e1_0.uf,ue1_0.login,ue1_0.nome,ue1_0.password,ue1_0.role,ue1_0.score,ue1_0.telefone from users ue1_0 left join adress e1_0 on e1_0.id=ue1_0.endereco_id where ue1_0.id=?
2024-06-19 13:08:10 - update users set cep=?,cpf=?,email=?,endereco_id=?,login=?,nome=?,password=?,role=?,score=?,telefone=? where id=?
2024-06-19 13:08:10 - select ue1_0.id,ue1_0.cep,ue1_0.cpf,ue1_0.email,e1_0.id,e1_0.bairro,e1_0.cep,e1_0.localidade,e1_0.logradouro,e1_0.uf,ue1_0.login,ue1_0.nome,ue1_0.password,ue1_0.role,ue1_0.score,ue1_0.telefone from users ue1_0 left join adress e1_0 on e1_0.id=ue1_0.endereco_id where ue1_0.id=?
2024-06-19 13:08:10 - update users set cep=?,cpf=?,email=?,endereco_id=?,login=?,nome=?,password=?,role=?,score=?,telefone=? where id=?
2024-06-19 13:08:10 - select ue1_0.id,ue1_0.cep,ue1_0.cpf,ue1_0.email,e1_0.id,e1_0.bairro,e1_0.cep,e1_0.localidade,e1_0.logradouro,e1_0.uf,ue1_0.login,ue1_0.nome,ue1_0.password,ue1_0.role,ue1_0.score,ue1_0.telefone from users ue1_0 left join adress e1_0 on e1_0.id=ue1_0.endereco_id where ue1_0.id=?
2024-06-19 13:08:10 - update users set cep=?,cpf=?,email=?,endereco_id=?,login=?,nome=?,password=?,role=?,score=?,telefone=? where id=?
2024-06-19 13:08:10 - select ue1_0.id,ue1_0.cep,ue1_0.cpf,ue1_0.email,e1_0.id,e1_0.bairro,e1_0.cep,e1_0.localidade,e1_0.logradouro,e1_0.uf,ue1_0.login,ue1_0.nome,ue1_0.password,ue1_0.role,ue1_0.score,ue1_0.telefone from users ue1_0 left join adress e1_0 on e1_0.id=ue1_0.endereco_id where ue1_0.id=?
2024-06-19 13:08:10 - update users set cep=?,cpf=?,email=?,endereco_id=?,login=?,nome=?,password=?,role=?,score=?,telefone=? where id=?
2024-06-19 13:08:10 - select ue1_0.id,ue1_0.cep,ue1_0.cpf,ue1_0.email,e1_0.id,e1_0.bairro,e1_0.cep,e1_0.localidade,e1_0.logradouro,e1_0.uf,ue1_0.login,ue1_0.nome,ue1_0.password,ue1_0.role,ue1_0.score,ue1_0.telefone from users ue1_0 left join adress e1_0 on e1_0.id=ue1_0.endereco_id where ue1_0.id=?
2024-06-19 13:08:10 - update users set cep=?,cpf=?,email=?,endereco_id=?,login=?,nome=?,password=?,role=?,score=?,telefone=? where id=?
2024-06-19 13:08:10 - select ue1_0.id,ue1_0.cep,ue1_0.cpf,ue1_0.email,e1_0.id,e1_0.bairro,e1_0.cep,e1_0.localidade,e1_0.logradouro,e1_0.uf,ue1_0.login,ue1_0.nome,ue1_0.password,ue1_0.role,ue1_0.score,ue1_0.telefone from users ue1_0 left join adress e1_0 on e1_0.id=ue1_0.endereco_id where ue1_0.id=?
2024-06-19 13:08:10 - update users set cep=?,cpf=?,email=?,endereco_id=?,login=?,nome=?,password=?,role=?,score=?,telefone=? where id=?
2024-06-19 13:08:10 - select ue1_0.id,ue1_0.cep,ue1_0.cpf,ue1_0.email,e1_0.id,e1_0.bairro,e1_0.cep,e1_0.localidade,e1_0.logradouro,e1_0.uf,ue1_0.login,ue1_0.nome,ue1_0.password,ue1_0.role,ue1_0.score,ue1_0.telefone from users ue1_0 left join adress e1_0 on e1_0.id=ue1_0.endereco_id where ue1_0.id=?
2024-06-19 13:08:10 - update users set cep=?,cpf=?,email=?,endereco_id=?,login=?,nome=?,password=?,role=?,score=?,telefone=? where id=?
2024-06-19 13:08:16 - Initializing Spring DispatcherServlet 'dispatcherServlet'
2024-06-19 13:08:16 - Initializing Servlet 'dispatcherServlet'
2024-06-19 13:08:16 - Completed initialization in 0 ms
2024-06-19 13:08:16 - Carregando informações do usuário com nome de usuário: Logi4
2024-06-19 13:08:16 - select ue1_0.id,ue1_0.cep,ue1_0.cpf,ue1_0.email,ue1_0.endereco_id,ue1_0.login,ue1_0.nome,ue1_0.password,ue1_0.role,ue1_0.score,ue1_0.telefone from users ue1_0 where ue1_0.login=?
2024-06-19 13:08:16 - select ee1_0.id,ee1_0.bairro,ee1_0.cep,ee1_0.localidade,ee1_0.logradouro,ee1_0.uf from adress ee1_0 where ee1_0.id=?
2024-06-19 13:08:16 - Informações do usuário carregadas com sucesso.
2024-06-19 13:08:16 - select ue1_0.id,ue1_0.cep,ue1_0.cpf,ue1_0.email,ue1_0.endereco_id,ue1_0.login,ue1_0.nome,ue1_0.password,ue1_0.role,ue1_0.score,ue1_0.telefone from users ue1_0
2024-06-19 13:08:16 - select ee1_0.id,ee1_0.bairro,ee1_0.cep,ee1_0.localidade,ee1_0.logradouro,ee1_0.uf from adress ee1_0 where ee1_0.id=?
2024-06-19 13:08:16 - select ee1_0.id,ee1_0.bairro,ee1_0.cep,ee1_0.localidade,ee1_0.logradouro,ee1_0.uf from adress ee1_0 where ee1_0.id=?
2024-06-19 13:08:16 - select ee1_0.id,ee1_0.bairro,ee1_0.cep,ee1_0.localidade,ee1_0.logradouro,ee1_0.uf from adress ee1_0 where ee1_0.id=?
2024-06-19 13:08:16 - select ee1_0.id,ee1_0.bairro,ee1_0.cep,ee1_0.localidade,ee1_0.logradouro,ee1_0.uf from adress ee1_0 where ee1_0.id=?
2024-06-19 13:08:16 - select ee1_0.id,ee1_0.bairro,ee1_0.cep,ee1_0.localidade,ee1_0.logradouro,ee1_0.uf from adress ee1_0 where ee1_0.id=?
2024-06-19 13:12:44 - select ue1_0.id,ue1_0.cep,ue1_0.cpf,ue1_0.email,ue1_0.endereco_id,ue1_0.login,ue1_0.nome,ue1_0.password,ue1_0.role,ue1_0.score,ue1_0.telefone from users ue1_0
2024-06-19 13:12:44 - select ee1_0.id,ee1_0.bairro,ee1_0.cep,ee1_0.localidade,ee1_0.logradouro,ee1_0.uf from adress ee1_0 where ee1_0.id=?
2024-06-19 13:12:44 - select ee1_0.id,ee1_0.bairro,ee1_0.cep,ee1_0.localidade,ee1_0.logradouro,ee1_0.uf from adress ee1_0 where ee1_0.id=?
2024-06-19 13:12:44 - select ee1_0.id,ee1_0.bairro,ee1_0.cep,ee1_0.localidade,ee1_0.logradouro,ee1_0.uf from adress ee1_0 where ee1_0.id=?
2024-06-19 13:12:44 - select ee1_0.id,ee1_0.bairro,ee1_0.cep,ee1_0.localidade,ee1_0.logradouro,ee1_0.uf from adress ee1_0 where ee1_0.id=?
2024-06-19 13:12:44 - select ee1_0.id,ee1_0.bairro,ee1_0.cep,ee1_0.localidade,ee1_0.logradouro,ee1_0.uf from adress ee1_0 where ee1_0.id=?
2024-06-19 13:12:51 - Carregando informações do usuário com nome de usuário: Logi4
2024-06-19 13:12:51 - select ue1_0.id,ue1_0.cep,ue1_0.cpf,ue1_0.email,ue1_0.endereco_id,ue1_0.login,ue1_0.nome,ue1_0.password,ue1_0.role,ue1_0.score,ue1_0.telefone from users ue1_0 where ue1_0.login=?
2024-06-19 13:12:51 - select ee1_0.id,ee1_0.bairro,ee1_0.cep,ee1_0.localidade,ee1_0.logradouro,ee1_0.uf from adress ee1_0 where ee1_0.id=?
2024-06-19 13:12:51 - Informações do usuário carregadas com sucesso.
2024-06-19 13:12:51 - select ue1_0.id,ue1_0.cep,ue1_0.cpf,ue1_0.email,ue1_0.endereco_id,ue1_0.login,ue1_0.nome,ue1_0.password,ue1_0.role,ue1_0.score,ue1_0.telefone from users ue1_0
2024-06-19 13:12:51 - select ee1_0.id,ee1_0.bairro,ee1_0.cep,ee1_0.localidade,ee1_0.logradouro,ee1_0.uf from adress ee1_0 where ee1_0.id=?
2024-06-19 13:12:51 - select ee1_0.id,ee1_0.bairro,ee1_0.cep,ee1_0.localidade,ee1_0.logradouro,ee1_0.uf from adress ee1_0 where ee1_0.id=?
2024-06-19 13:12:51 - select ee1_0.id,ee1_0.bairro,ee1_0.cep,ee1_0.localidade,ee1_0.logradouro,ee1_0.uf from adress ee1_0 where ee1_0.id=?
2024-06-19 13:12:51 - select ee1_0.id,ee1_0.bairro,ee1_0.cep,ee1_0.localidade,ee1_0.logradouro,ee1_0.uf from adress ee1_0 where ee1_0.id=?
2024-06-19 13:12:51 - select ee1_0.id,ee1_0.bairro,ee1_0.cep,ee1_0.localidade,ee1_0.logradouro,ee1_0.uf from adress ee1_0 where ee1_0.id=?
2024-06-19 13:16:24 - select ue1_0.id,ue1_0.cep,ue1_0.cpf,ue1_0.email,ue1_0.endereco_id,ue1_0.login,ue1_0.nome,ue1_0.password,ue1_0.role,ue1_0.score,ue1_0.telefone from users ue1_0
2024-06-19 13:16:24 - select ee1_0.id,ee1_0.bairro,ee1_0.cep,ee1_0.localidade,ee1_0.logradouro,ee1_0.uf from adress ee1_0 where ee1_0.id=?
2024-06-19 13:16:24 - select ee1_0.id,ee1_0.bairro,ee1_0.cep,ee1_0.localidade,ee1_0.logradouro,ee1_0.uf from adress ee1_0 where ee1_0.id=?
2024-06-19 13:16:24 - select ee1_0.id,ee1_0.bairro,ee1_0.cep,ee1_0.localidade,ee1_0.logradouro,ee1_0.uf from adress ee1_0 where ee1_0.id=?
2024-06-19 13:16:24 - select ee1_0.id,ee1_0.bairro,ee1_0.cep,ee1_0.localidade,ee1_0.logradouro,ee1_0.uf from adress ee1_0 where ee1_0.id=?
2024-06-19 13:16:24 - select ee1_0.id,ee1_0.bairro,ee1_0.cep,ee1_0.localidade,ee1_0.logradouro,ee1_0.uf from adress ee1_0 where ee1_0.id=?
2024-06-19 13:16:28 - Carregando informações do usuário com nome de usuário: Logi4
2024-06-19 13:16:28 - select ue1_0.id,ue1_0.cep,ue1_0.cpf,ue1_0.email,ue1_0.endereco_id,ue1_0.login,ue1_0.nome,ue1_0.password,ue1_0.role,ue1_0.score,ue1_0.telefone from users ue1_0 where ue1_0.login=?
2024-06-19 13:16:28 - select ee1_0.id,ee1_0.bairro,ee1_0.cep,ee1_0.localidade,ee1_0.logradouro,ee1_0.uf from adress ee1_0 where ee1_0.id=?
2024-06-19 13:16:28 - Informações do usuário carregadas com sucesso.
2024-06-19 13:16:28 - select ue1_0.id,ue1_0.cep,ue1_0.cpf,ue1_0.email,ue1_0.endereco_id,ue1_0.login,ue1_0.nome,ue1_0.password,ue1_0.role,ue1_0.score,ue1_0.telefone from users ue1_0
2024-06-19 13:16:28 - select ee1_0.id,ee1_0.bairro,ee1_0.cep,ee1_0.localidade,ee1_0.logradouro,ee1_0.uf from adress ee1_0 where ee1_0.id=?
2024-06-19 13:16:28 - select ee1_0.id,ee1_0.bairro,ee1_0.cep,ee1_0.localidade,ee1_0.logradouro,ee1_0.uf from adress ee1_0 where ee1_0.id=?
2024-06-19 13:16:28 - select ee1_0.id,ee1_0.bairro,ee1_0.cep,ee1_0.localidade,ee1_0.logradouro,ee1_0.uf from adress ee1_0 where ee1_0.id=?
2024-06-19 13:16:28 - select ee1_0.id,ee1_0.bairro,ee1_0.cep,ee1_0.localidade,ee1_0.logradouro,ee1_0.uf from adress ee1_0 where ee1_0.id=?
2024-06-19 13:16:28 - select ee1_0.id,ee1_0.bairro,ee1_0.cep,ee1_0.localidade,ee1_0.logradouro,ee1_0.uf from adress ee1_0 where ee1_0.id=?
2024-06-19 13:16:30 - select ue1_0.id,ue1_0.cep,ue1_0.cpf,ue1_0.email,ue1_0.endereco_id,ue1_0.login,ue1_0.nome,ue1_0.password,ue1_0.role,ue1_0.score,ue1_0.telefone from users ue1_0
2024-06-19 13:16:30 - select ee1_0.id,ee1_0.bairro,ee1_0.cep,ee1_0.localidade,ee1_0.logradouro,ee1_0.uf from adress ee1_0 where ee1_0.id=?
2024-06-19 13:16:30 - select ee1_0.id,ee1_0.bairro,ee1_0.cep,ee1_0.localidade,ee1_0.logradouro,ee1_0.uf from adress ee1_0 where ee1_0.id=?
2024-06-19 13:16:30 - select ee1_0.id,ee1_0.bairro,ee1_0.cep,ee1_0.localidade,ee1_0.logradouro,ee1_0.uf from adress ee1_0 where ee1_0.id=?
2024-06-19 13:16:30 - select ee1_0.id,ee1_0.bairro,ee1_0.cep,ee1_0.localidade,ee1_0.logradouro,ee1_0.uf from adress ee1_0 where ee1_0.id=?
2024-06-19 13:16:30 - select ee1_0.id,ee1_0.bairro,ee1_0.cep,ee1_0.localidade,ee1_0.logradouro,ee1_0.uf from adress ee1_0 where ee1_0.id=?
2024-06-19 13:16:30 - select ue1_0.id,ue1_0.cep,ue1_0.cpf,ue1_0.email,e1_0.id,e1_0.bairro,e1_0.cep,e1_0.localidade,e1_0.logradouro,e1_0.uf,ue1_0.login,ue1_0.nome,ue1_0.password,ue1_0.role,ue1_0.score,ue1_0.telefone from users ue1_0 left join adress e1_0 on e1_0.id=ue1_0.endereco_id where ue1_0.id=?
2024-06-19 13:16:30 - update users set cep=?,cpf=?,email=?,endereco_id=?,login=?,nome=?,password=?,role=?,score=?,telefone=? where id=?
2024-06-19 13:16:30 - select ue1_0.id,ue1_0.cep,ue1_0.cpf,ue1_0.email,e1_0.id,e1_0.bairro,e1_0.cep,e1_0.localidade,e1_0.logradouro,e1_0.uf,ue1_0.login,ue1_0.nome,ue1_0.password,ue1_0.role,ue1_0.score,ue1_0.telefone from users ue1_0 left join adress e1_0 on e1_0.id=ue1_0.endereco_id where ue1_0.id=?
2024-06-19 13:16:30 - update users set cep=?,cpf=?,email=?,endereco_id=?,login=?,nome=?,password=?,role=?,score=?,telefone=? where id=?
2024-06-19 13:16:30 - select ue1_0.id,ue1_0.cep,ue1_0.cpf,ue1_0.email,e1_0.id,e1_0.bairro,e1_0.cep,e1_0.localidade,e1_0.logradouro,e1_0.uf,ue1_0.login,ue1_0.nome,ue1_0.password,ue1_0.role,ue1_0.score,ue1_0.telefone from users ue1_0 left join adress e1_0 on e1_0.id=ue1_0.endereco_id where ue1_0.id=?
2024-06-19 13:16:30 - update users set cep=?,cpf=?,email=?,endereco_id=?,login=?,nome=?,password=?,role=?,score=?,telefone=? where id=?
2024-06-19 13:16:30 - select ue1_0.id,ue1_0.cep,ue1_0.cpf,ue1_0.email,e1_0.id,e1_0.bairro,e1_0.cep,e1_0.localidade,e1_0.logradouro,e1_0.uf,ue1_0.login,ue1_0.nome,ue1_0.password,ue1_0.role,ue1_0.score,ue1_0.telefone from users ue1_0 left join adress e1_0 on e1_0.id=ue1_0.endereco_id where ue1_0.id=?
2024-06-19 13:16:30 - update users set cep=?,cpf=?,email=?,endereco_id=?,login=?,nome=?,password=?,role=?,score=?,telefone=? where id=?
2024-06-19 13:16:31 - select ue1_0.id,ue1_0.cep,ue1_0.cpf,ue1_0.email,e1_0.id,e1_0.bairro,e1_0.cep,e1_0.localidade,e1_0.logradouro,e1_0.uf,ue1_0.login,ue1_0.nome,ue1_0.password,ue1_0.role,ue1_0.score,ue1_0.telefone from users ue1_0 left join adress e1_0 on e1_0.id=ue1_0.endereco_id where ue1_0.id=?
2024-06-19 13:16:31 - update users set cep=?,cpf=?,email=?,endereco_id=?,login=?,nome=?,password=?,role=?,score=?,telefone=? where id=?
2024-06-19 13:16:31 - select ue1_0.id,ue1_0.cep,ue1_0.cpf,ue1_0.email,e1_0.id,e1_0.bairro,e1_0.cep,e1_0.localidade,e1_0.logradouro,e1_0.uf,ue1_0.login,ue1_0.nome,ue1_0.password,ue1_0.role,ue1_0.score,ue1_0.telefone from users ue1_0 left join adress e1_0 on e1_0.id=ue1_0.endereco_id where ue1_0.id=?
2024-06-19 13:16:31 - update users set cep=?,cpf=?,email=?,endereco_id=?,login=?,nome=?,password=?,role=?,score=?,telefone=? where id=?
2024-06-19 13:16:31 - select ue1_0.id,ue1_0.cep,ue1_0.cpf,ue1_0.email,e1_0.id,e1_0.bairro,e1_0.cep,e1_0.localidade,e1_0.logradouro,e1_0.uf,ue1_0.login,ue1_0.nome,ue1_0.password,ue1_0.role,ue1_0.score,ue1_0.telefone from users ue1_0 left join adress e1_0 on e1_0.id=ue1_0.endereco_id where ue1_0.id=?
2024-06-19 13:16:31 - update users set cep=?,cpf=?,email=?,endereco_id=?,login=?,nome=?,password=?,role=?,score=?,telefone=? where id=?
2024-06-19 13:16:31 - select ue1_0.id,ue1_0.cep,ue1_0.cpf,ue1_0.email,e1_0.id,e1_0.bairro,e1_0.cep,e1_0.localidade,e1_0.logradouro,e1_0.uf,ue1_0.login,ue1_0.nome,ue1_0.password,ue1_0.role,ue1_0.score,ue1_0.telefone from users ue1_0 left join adress e1_0 on e1_0.id=ue1_0.endereco_id where ue1_0.id=?
2024-06-19 13:16:31 - update users set cep=?,cpf=?,email=?,endereco_id=?,login=?,nome=?,password=?,role=?,score=?,telefone=? where id=?
2024-06-19 13:19:43 - select ue1_0.id,ue1_0.cep,ue1_0.cpf,ue1_0.email,ue1_0.endereco_id,ue1_0.login,ue1_0.nome,ue1_0.password,ue1_0.role,ue1_0.score,ue1_0.telefone from users ue1_0
2024-06-19 13:19:43 - select ee1_0.id,ee1_0.bairro,ee1_0.cep,ee1_0.localidade,ee1_0.logradouro,ee1_0.uf from adress ee1_0 where ee1_0.id=?
2024-06-19 13:19:43 - select ee1_0.id,ee1_0.bairro,ee1_0.cep,ee1_0.localidade,ee1_0.logradouro,ee1_0.uf from adress ee1_0 where ee1_0.id=?
2024-06-19 13:19:43 - select ee1_0.id,ee1_0.bairro,ee1_0.cep,ee1_0.localidade,ee1_0.logradouro,ee1_0.uf from adress ee1_0 where ee1_0.id=?
2024-06-19 13:19:43 - select ee1_0.id,ee1_0.bairro,ee1_0.cep,ee1_0.localidade,ee1_0.logradouro,ee1_0.uf from adress ee1_0 where ee1_0.id=?
2024-06-19 13:19:43 - select ee1_0.id,ee1_0.bairro,ee1_0.cep,ee1_0.localidade,ee1_0.logradouro,ee1_0.uf from adress ee1_0 where ee1_0.id=?
2024-06-19 13:21:14 - select ue1_0.id,ue1_0.cep,ue1_0.cpf,ue1_0.email,ue1_0.endereco_id,ue1_0.login,ue1_0.nome,ue1_0.password,ue1_0.role,ue1_0.score,ue1_0.telefone from users ue1_0
2024-06-19 13:21:14 - select ee1_0.id,ee1_0.bairro,ee1_0.cep,ee1_0.localidade,ee1_0.logradouro,ee1_0.uf from adress ee1_0 where ee1_0.id=?
2024-06-19 13:21:14 - select ee1_0.id,ee1_0.bairro,ee1_0.cep,ee1_0.localidade,ee1_0.logradouro,ee1_0.uf from adress ee1_0 where ee1_0.id=?
2024-06-19 13:21:14 - select ee1_0.id,ee1_0.bairro,ee1_0.cep,ee1_0.localidade,ee1_0.logradouro,ee1_0.uf from adress ee1_0 where ee1_0.id=?
2024-06-19 13:21:14 - select ee1_0.id,ee1_0.bairro,ee1_0.cep,ee1_0.localidade,ee1_0.logradouro,ee1_0.uf from adress ee1_0 where ee1_0.id=?
2024-06-19 13:21:14 - select ee1_0.id,ee1_0.bairro,ee1_0.cep,ee1_0.localidade,ee1_0.logradouro,ee1_0.uf from adress ee1_0 where ee1_0.id=?
2024-06-19 13:21:25 - select ue1_0.id,ue1_0.cep,ue1_0.cpf,ue1_0.email,ue1_0.endereco_id,ue1_0.login,ue1_0.nome,ue1_0.password,ue1_0.role,ue1_0.score,ue1_0.telefone from users ue1_0
2024-06-19 13:21:25 - select ee1_0.id,ee1_0.bairro,ee1_0.cep,ee1_0.localidade,ee1_0.logradouro,ee1_0.uf from adress ee1_0 where ee1_0.id=?
2024-06-19 13:21:25 - select ee1_0.id,ee1_0.bairro,ee1_0.cep,ee1_0.localidade,ee1_0.logradouro,ee1_0.uf from adress ee1_0 where ee1_0.id=?
2024-06-19 13:21:25 - select ee1_0.id,ee1_0.bairro,ee1_0.cep,ee1_0.localidade,ee1_0.logradouro,ee1_0.uf from adress ee1_0 where ee1_0.id=?
2024-06-19 13:21:25 - select ee1_0.id,ee1_0.bairro,ee1_0.cep,ee1_0.localidade,ee1_0.logradouro,ee1_0.uf from adress ee1_0 where ee1_0.id=?
2024-06-19 13:21:25 - select ee1_0.id,ee1_0.bairro,ee1_0.cep,ee1_0.localidade,ee1_0.logradouro,ee1_0.uf from adress ee1_0 where ee1_0.id=?
2024-06-19 13:24:51 - select ue1_0.id,ue1_0.cep,ue1_0.cpf,ue1_0.email,ue1_0.endereco_id,ue1_0.login,ue1_0.nome,ue1_0.password,ue1_0.role,ue1_0.score,ue1_0.telefone from users ue1_0
2024-06-19 13:24:51 - select ee1_0.id,ee1_0.bairro,ee1_0.cep,ee1_0.localidade,ee1_0.logradouro,ee1_0.uf from adress ee1_0 where ee1_0.id=?
2024-06-19 13:24:51 - select ee1_0.id,ee1_0.bairro,ee1_0.cep,ee1_0.localidade,ee1_0.logradouro,ee1_0.uf from adress ee1_0 where ee1_0.id=?
2024-06-19 13:24:51 - select ee1_0.id,ee1_0.bairro,ee1_0.cep,ee1_0.localidade,ee1_0.logradouro,ee1_0.uf from adress ee1_0 where ee1_0.id=?
2024-06-19 13:24:51 - select ee1_0.id,ee1_0.bairro,ee1_0.cep,ee1_0.localidade,ee1_0.logradouro,ee1_0.uf from adress ee1_0 where ee1_0.id=?
2024-06-19 13:24:51 - select ee1_0.id,ee1_0.bairro,ee1_0.cep,ee1_0.localidade,ee1_0.logradouro,ee1_0.uf from adress ee1_0 where ee1_0.id=?
2024-06-19 13:24:51 - select ue1_0.id,ue1_0.cep,ue1_0.cpf,ue1_0.email,e1_0.id,e1_0.bairro,e1_0.cep,e1_0.localidade,e1_0.logradouro,e1_0.uf,ue1_0.login,ue1_0.nome,ue1_0.password,ue1_0.role,ue1_0.score,ue1_0.telefone from users ue1_0 left join adress e1_0 on e1_0.id=ue1_0.endereco_id where ue1_0.id=?
2024-06-19 13:24:51 - update users set cep=?,cpf=?,email=?,endereco_id=?,login=?,nome=?,password=?,role=?,score=?,telefone=? where id=?
2024-06-19 13:24:51 - select ue1_0.id,ue1_0.cep,ue1_0.cpf,ue1_0.email,e1_0.id,e1_0.bairro,e1_0.cep,e1_0.localidade,e1_0.logradouro,e1_0.uf,ue1_0.login,ue1_0.nome,ue1_0.password,ue1_0.role,ue1_0.score,ue1_0.telefone from users ue1_0 left join adress e1_0 on e1_0.id=ue1_0.endereco_id where ue1_0.id=?
2024-06-19 13:24:51 - update users set cep=?,cpf=?,email=?,endereco_id=?,login=?,nome=?,password=?,role=?,score=?,telefone=? where id=?
2024-06-19 13:24:51 - select ue1_0.id,ue1_0.cep,ue1_0.cpf,ue1_0.email,e1_0.id,e1_0.bairro,e1_0.cep,e1_0.localidade,e1_0.logradouro,e1_0.uf,ue1_0.login,ue1_0.nome,ue1_0.password,ue1_0.role,ue1_0.score,ue1_0.telefone from users ue1_0 left join adress e1_0 on e1_0.id=ue1_0.endereco_id where ue1_0.id=?
2024-06-19 13:24:51 - update users set cep=?,cpf=?,email=?,endereco_id=?,login=?,nome=?,password=?,role=?,score=?,telefone=? where id=?
2024-06-19 13:24:51 - select ue1_0.id,ue1_0.cep,ue1_0.cpf,ue1_0.email,e1_0.id,e1_0.bairro,e1_0.cep,e1_0.localidade,e1_0.logradouro,e1_0.uf,ue1_0.login,ue1_0.nome,ue1_0.password,ue1_0.role,ue1_0.score,ue1_0.telefone from users ue1_0 left join adress e1_0 on e1_0.id=ue1_0.endereco_id where ue1_0.id=?
2024-06-19 13:24:51 - update users set cep=?,cpf=?,email=?,endereco_id=?,login=?,nome=?,password=?,role=?,score=?,telefone=? where id=?
2024-06-19 13:24:51 - select ue1_0.id,ue1_0.cep,ue1_0.cpf,ue1_0.email,e1_0.id,e1_0.bairro,e1_0.cep,e1_0.localidade,e1_0.logradouro,e1_0.uf,ue1_0.login,ue1_0.nome,ue1_0.password,ue1_0.role,ue1_0.score,ue1_0.telefone from users ue1_0 left join adress e1_0 on e1_0.id=ue1_0.endereco_id where ue1_0.id=?
2024-06-19 13:24:51 - update users set cep=?,cpf=?,email=?,endereco_id=?,login=?,nome=?,password=?,role=?,score=?,telefone=? where id=?
2024-06-19 13:24:51 - select ue1_0.id,ue1_0.cep,ue1_0.cpf,ue1_0.email,e1_0.id,e1_0.bairro,e1_0.cep,e1_0.localidade,e1_0.logradouro,e1_0.uf,ue1_0.login,ue1_0.nome,ue1_0.password,ue1_0.role,ue1_0.score,ue1_0.telefone from users ue1_0 left join adress e1_0 on e1_0.id=ue1_0.endereco_id where ue1_0.id=?
2024-06-19 13:24:51 - update users set cep=?,cpf=?,email=?,endereco_id=?,login=?,nome=?,password=?,role=?,score=?,telefone=? where id=?
2024-06-19 13:24:51 - select ue1_0.id,ue1_0.cep,ue1_0.cpf,ue1_0.email,e1_0.id,e1_0.bairro,e1_0.cep,e1_0.localidade,e1_0.logradouro,e1_0.uf,ue1_0.login,ue1_0.nome,ue1_0.password,ue1_0.role,ue1_0.score,ue1_0.telefone from users ue1_0 left join adress e1_0 on e1_0.id=ue1_0.endereco_id where ue1_0.id=?
2024-06-19 13:24:51 - update users set cep=?,cpf=?,email=?,endereco_id=?,login=?,nome=?,password=?,role=?,score=?,telefone=? where id=?
2024-06-19 13:24:51 - select ue1_0.id,ue1_0.cep,ue1_0.cpf,ue1_0.email,e1_0.id,e1_0.bairro,e1_0.cep,e1_0.localidade,e1_0.logradouro,e1_0.uf,ue1_0.login,ue1_0.nome,ue1_0.password,ue1_0.role,ue1_0.score,ue1_0.telefone from users ue1_0 left join adress e1_0 on e1_0.id=ue1_0.endereco_id where ue1_0.id=?
2024-06-19 13:24:51 - update users set cep=?,cpf=?,email=?,endereco_id=?,login=?,nome=?,password=?,role=?,score=?,telefone=? where id=?
2024-06-19 13:24:59 - select ue1_0.id,ue1_0.cep,ue1_0.cpf,ue1_0.email,ue1_0.endereco_id,ue1_0.login,ue1_0.nome,ue1_0.password,ue1_0.role,ue1_0.score,ue1_0.telefone from users ue1_0
2024-06-19 13:24:59 - select ee1_0.id,ee1_0.bairro,ee1_0.cep,ee1_0.localidade,ee1_0.logradouro,ee1_0.uf from adress ee1_0 where ee1_0.id=?
2024-06-19 13:24:59 - select ee1_0.id,ee1_0.bairro,ee1_0.cep,ee1_0.localidade,ee1_0.logradouro,ee1_0.uf from adress ee1_0 where ee1_0.id=?
2024-06-19 13:24:59 - select ee1_0.id,ee1_0.bairro,ee1_0.cep,ee1_0.localidade,ee1_0.logradouro,ee1_0.uf from adress ee1_0 where ee1_0.id=?
2024-06-19 13:24:59 - select ee1_0.id,ee1_0.bairro,ee1_0.cep,ee1_0.localidade,ee1_0.logradouro,ee1_0.uf from adress ee1_0 where ee1_0.id=?
2024-06-19 13:24:59 - select ee1_0.id,ee1_0.bairro,ee1_0.cep,ee1_0.localidade,ee1_0.logradouro,ee1_0.uf from adress ee1_0 where ee1_0.id=?
2024-06-19 13:27:41 - select ue1_0.id,ue1_0.cep,ue1_0.cpf,ue1_0.email,ue1_0.endereco_id,ue1_0.login,ue1_0.nome,ue1_0.password,ue1_0.role,ue1_0.score,ue1_0.telefone from users ue1_0
2024-06-19 13:27:41 - select ee1_0.id,ee1_0.bairro,ee1_0.cep,ee1_0.localidade,ee1_0.logradouro,ee1_0.uf from adress ee1_0 where ee1_0.id=?
2024-06-19 13:27:41 - select ee1_0.id,ee1_0.bairro,ee1_0.cep,ee1_0.localidade,ee1_0.logradouro,ee1_0.uf from adress ee1_0 where ee1_0.id=?
2024-06-19 13:27:41 - select ee1_0.id,ee1_0.bairro,ee1_0.cep,ee1_0.localidade,ee1_0.logradouro,ee1_0.uf from adress ee1_0 where ee1_0.id=?
2024-06-19 13:27:41 - select ee1_0.id,ee1_0.bairro,ee1_0.cep,ee1_0.localidade,ee1_0.logradouro,ee1_0.uf from adress ee1_0 where ee1_0.id=?
2024-06-19 13:27:41 - select ee1_0.id,ee1_0.bairro,ee1_0.cep,ee1_0.localidade,ee1_0.logradouro,ee1_0.uf from adress ee1_0 where ee1_0.id=?
2024-06-19 13:28:12 - select ue1_0.id,ue1_0.cep,ue1_0.cpf,ue1_0.email,ue1_0.endereco_id,ue1_0.login,ue1_0.nome,ue1_0.password,ue1_0.role,ue1_0.score,ue1_0.telefone from users ue1_0
2024-06-19 13:28:12 - select ee1_0.id,ee1_0.bairro,ee1_0.cep,ee1_0.localidade,ee1_0.logradouro,ee1_0.uf from adress ee1_0 where ee1_0.id=?
2024-06-19 13:28:12 - select ee1_0.id,ee1_0.bairro,ee1_0.cep,ee1_0.localidade,ee1_0.logradouro,ee1_0.uf from adress ee1_0 where ee1_0.id=?
2024-06-19 13:28:12 - select ee1_0.id,ee1_0.bairro,ee1_0.cep,ee1_0.localidade,ee1_0.logradouro,ee1_0.uf from adress ee1_0 where ee1_0.id=?
2024-06-19 13:28:12 - select ee1_0.id,ee1_0.bairro,ee1_0.cep,ee1_0.localidade,ee1_0.logradouro,ee1_0.uf from adress ee1_0 where ee1_0.id=?
2024-06-19 13:28:12 - select ee1_0.id,ee1_0.bairro,ee1_0.cep,ee1_0.localidade,ee1_0.logradouro,ee1_0.uf from adress ee1_0 where ee1_0.id=?
2024-06-19 13:28:23 - select ue1_0.id,ue1_0.cep,ue1_0.cpf,ue1_0.email,ue1_0.endereco_id,ue1_0.login,ue1_0.nome,ue1_0.password,ue1_0.role,ue1_0.score,ue1_0.telefone from users ue1_0
2024-06-19 13:28:23 - select ee1_0.id,ee1_0.bairro,ee1_0.cep,ee1_0.localidade,ee1_0.logradouro,ee1_0.uf from adress ee1_0 where ee1_0.id=?
2024-06-19 13:28:23 - select ee1_0.id,ee1_0.bairro,ee1_0.cep,ee1_0.localidade,ee1_0.logradouro,ee1_0.uf from adress ee1_0 where ee1_0.id=?
2024-06-19 13:28:23 - select ee1_0.id,ee1_0.bairro,ee1_0.cep,ee1_0.localidade,ee1_0.logradouro,ee1_0.uf from adress ee1_0 where ee1_0.id=?
2024-06-19 13:28:23 - select ee1_0.id,ee1_0.bairro,ee1_0.cep,ee1_0.localidade,ee1_0.logradouro,ee1_0.uf from adress ee1_0 where ee1_0.id=?
2024-06-19 13:28:23 - select ee1_0.id,ee1_0.bairro,ee1_0.cep,ee1_0.localidade,ee1_0.logradouro,ee1_0.uf from adress ee1_0 where ee1_0.id=?
2024-06-19 13:28:39 - select ue1_0.id,ue1_0.cep,ue1_0.cpf,ue1_0.email,ue1_0.endereco_id,ue1_0.login,ue1_0.nome,ue1_0.password,ue1_0.role,ue1_0.score,ue1_0.telefone from users ue1_0
2024-06-19 13:28:39 - select ee1_0.id,ee1_0.bairro,ee1_0.cep,ee1_0.localidade,ee1_0.logradouro,ee1_0.uf from adress ee1_0 where ee1_0.id=?
2024-06-19 13:28:39 - select ee1_0.id,ee1_0.bairro,ee1_0.cep,ee1_0.localidade,ee1_0.logradouro,ee1_0.uf from adress ee1_0 where ee1_0.id=?
2024-06-19 13:28:39 - select ee1_0.id,ee1_0.bairro,ee1_0.cep,ee1_0.localidade,ee1_0.logradouro,ee1_0.uf from adress ee1_0 where ee1_0.id=?
2024-06-19 13:28:39 - select ee1_0.id,ee1_0.bairro,ee1_0.cep,ee1_0.localidade,ee1_0.logradouro,ee1_0.uf from adress ee1_0 where ee1_0.id=?
2024-06-19 13:28:39 - select ee1_0.id,ee1_0.bairro,ee1_0.cep,ee1_0.localidade,ee1_0.logradouro,ee1_0.uf from adress ee1_0 where ee1_0.id=?
2024-06-19 13:29:02 - Carregando informações do usuário com nome de usuário: Logi4
2024-06-19 13:29:02 - select ue1_0.id,ue1_0.cep,ue1_0.cpf,ue1_0.email,ue1_0.endereco_id,ue1_0.login,ue1_0.nome,ue1_0.password,ue1_0.role,ue1_0.score,ue1_0.telefone from users ue1_0 where ue1_0.login=?
2024-06-19 13:29:02 - select ee1_0.id,ee1_0.bairro,ee1_0.cep,ee1_0.localidade,ee1_0.logradouro,ee1_0.uf from adress ee1_0 where ee1_0.id=?
2024-06-19 13:29:02 - Informações do usuário carregadas com sucesso.
2024-06-19 13:29:02 - select ue1_0.id,ue1_0.cep,ue1_0.cpf,ue1_0.email,ue1_0.endereco_id,ue1_0.login,ue1_0.nome,ue1_0.password,ue1_0.role,ue1_0.score,ue1_0.telefone from users ue1_0
2024-06-19 13:29:02 - select ee1_0.id,ee1_0.bairro,ee1_0.cep,ee1_0.localidade,ee1_0.logradouro,ee1_0.uf from adress ee1_0 where ee1_0.id=?
2024-06-19 13:29:02 - select ee1_0.id,ee1_0.bairro,ee1_0.cep,ee1_0.localidade,ee1_0.logradouro,ee1_0.uf from adress ee1_0 where ee1_0.id=?
2024-06-19 13:29:02 - select ee1_0.id,ee1_0.bairro,ee1_0.cep,ee1_0.localidade,ee1_0.logradouro,ee1_0.uf from adress ee1_0 where ee1_0.id=?
2024-06-19 13:29:02 - select ee1_0.id,ee1_0.bairro,ee1_0.cep,ee1_0.localidade,ee1_0.logradouro,ee1_0.uf from adress ee1_0 where ee1_0.id=?
2024-06-19 13:29:02 - select ee1_0.id,ee1_0.bairro,ee1_0.cep,ee1_0.localidade,ee1_0.logradouro,ee1_0.uf from adress ee1_0 where ee1_0.id=?
2024-06-19 13:30:41 - select ue1_0.id,ue1_0.cep,ue1_0.cpf,ue1_0.email,ue1_0.endereco_id,ue1_0.login,ue1_0.nome,ue1_0.password,ue1_0.role,ue1_0.score,ue1_0.telefone from users ue1_0
2024-06-19 13:30:41 - select ee1_0.id,ee1_0.bairro,ee1_0.cep,ee1_0.localidade,ee1_0.logradouro,ee1_0.uf from adress ee1_0 where ee1_0.id=?
2024-06-19 13:30:41 - select ee1_0.id,ee1_0.bairro,ee1_0.cep,ee1_0.localidade,ee1_0.logradouro,ee1_0.uf from adress ee1_0 where ee1_0.id=?
2024-06-19 13:30:41 - select ee1_0.id,ee1_0.bairro,ee1_0.cep,ee1_0.localidade,ee1_0.logradouro,ee1_0.uf from adress ee1_0 where ee1_0.id=?
2024-06-19 13:30:41 - select ee1_0.id,ee1_0.bairro,ee1_0.cep,ee1_0.localidade,ee1_0.logradouro,ee1_0.uf from adress ee1_0 where ee1_0.id=?
2024-06-19 13:30:41 - select ee1_0.id,ee1_0.bairro,ee1_0.cep,ee1_0.localidade,ee1_0.logradouro,ee1_0.uf from adress ee1_0 where ee1_0.id=?
2024-06-19 13:31:02 - select ue1_0.id,ue1_0.cep,ue1_0.cpf,ue1_0.email,ue1_0.endereco_id,ue1_0.login,ue1_0.nome,ue1_0.password,ue1_0.role,ue1_0.score,ue1_0.telefone from users ue1_0
2024-06-19 13:31:02 - select ee1_0.id,ee1_0.bairro,ee1_0.cep,ee1_0.localidade,ee1_0.logradouro,ee1_0.uf from adress ee1_0 where ee1_0.id=?
2024-06-19 13:31:02 - select ee1_0.id,ee1_0.bairro,ee1_0.cep,ee1_0.localidade,ee1_0.logradouro,ee1_0.uf from adress ee1_0 where ee1_0.id=?
2024-06-19 13:31:02 - select ee1_0.id,ee1_0.bairro,ee1_0.cep,ee1_0.localidade,ee1_0.logradouro,ee1_0.uf from adress ee1_0 where ee1_0.id=?
2024-06-19 13:31:02 - select ee1_0.id,ee1_0.bairro,ee1_0.cep,ee1_0.localidade,ee1_0.logradouro,ee1_0.uf from adress ee1_0 where ee1_0.id=?
2024-06-19 13:31:02 - select ee1_0.id,ee1_0.bairro,ee1_0.cep,ee1_0.localidade,ee1_0.logradouro,ee1_0.uf from adress ee1_0 where ee1_0.id=?
2024-06-19 13:31:31 - Closing JPA EntityManagerFactory for persistence unit 'default'
2024-06-19 13:31:31 - HikariPool-1 - Shutdown initiated...
2024-06-19 13:31:31 - HikariPool-1 - Shutdown completed.
2024-06-19 20:52:08 - Starting ProjetoScoreApplication using Java 21.0.2 with PID 17340 (C:\Users\bruno\Desktop\user-score\target\classes started by bruno in C:\Users\bruno\Desktop\user-score)
2024-06-19 20:52:08 - Running with Spring Boot v3.2.4, Spring v6.1.5
2024-06-19 20:52:08 - No active profile set, falling back to 1 default profile: "default"
2024-06-19 20:52:08 - Devtools property defaults active! Set 'spring.devtools.add-properties' to 'false' to disable
2024-06-19 20:52:08 - For additional web related logging consider setting the 'logging.level.web' property to 'DEBUG'
2024-06-19 20:52:09 - Bootstrapping Spring Data JPA repositories in DEFAULT mode.
2024-06-19 20:52:09 - Finished Spring Data repository scanning in 54 ms. Found 2 JPA repository interfaces.
2024-06-19 20:52:10 - Bean 'org.springframework.ws.config.annotation.DelegatingWsConfiguration' of type [org.springframework.ws.config.annotation.DelegatingWsConfiguration$$SpringCGLIB$$0] is not eligible for getting processed by all BeanPostProcessors (for example: not eligible for auto-proxying). The currently created BeanPostProcessor [annotationActionEndpointMapping] is declared through a non-static factory method on that class; consider declaring it as static instead.
2024-06-19 20:52:10 - Supporting [WS-Addressing August 2004, WS-Addressing 1.0]
2024-06-19 20:52:10 - Tomcat initialized with port 8080 (http)
2024-06-19 20:52:10 - Initializing ProtocolHandler ["http-nio-8080"]
2024-06-19 20:52:10 - Starting service [Tomcat]
2024-06-19 20:52:10 - Starting Servlet engine: [Apache Tomcat/10.1.19]
2024-06-19 20:52:10 - Initializing Spring embedded WebApplicationContext
2024-06-19 20:52:10 - Root WebApplicationContext: initialization completed in 1587 ms
2024-06-19 20:52:10 - HHH000204: Processing PersistenceUnitInfo [name: default]
2024-06-19 20:52:10 - HHH000412: Hibernate ORM core version 6.4.4.Final
2024-06-19 20:52:10 - HHH000026: Second-level cache disabled
2024-06-19 20:52:10 - No LoadTimeWeaver setup: ignoring JPA class transformer
2024-06-19 20:52:10 - HikariPool-1 - Starting...
2024-06-19 20:52:11 - HikariPool-1 - Added connection com.mysql.cj.jdbc.ConnectionImpl@6a909e98
2024-06-19 20:52:11 - HikariPool-1 - Start completed.
2024-06-19 20:52:12 - HHH000489: No JTA platform available (set 'hibernate.transaction.jta.platform' to enable JTA platform integration)
2024-06-19 20:52:12 - Initialized JPA EntityManagerFactory for persistence unit 'default'
2024-06-19 20:52:13 - Filter 'securityFilter' configured for use
2024-06-19 20:52:13 - spring.jpa.open-in-view is enabled by default. Therefore, database queries may be performed during view rendering. Explicitly configure spring.jpa.open-in-view to disable this warning
2024-06-19 20:52:13 - Will secure any request with [org.springframework.security.web.session.DisableEncodeUrlFilter@579eeb9, org.springframework.security.web.context.request.async.WebAsyncManagerIntegrationFilter@31b2574c, org.springframework.security.web.context.SecurityContextHolderFilter@1d9c216c, org.springframework.security.web.header.HeaderWriterFilter@8a3759d, org.springframework.web.filter.CorsFilter@2f02b386, org.springframework.security.web.authentication.logout.LogoutFilter@23e5718c, com.github.brunobuttros.userscore.service.SecurityFilter@38a80d89, org.springframework.security.web.savedrequest.RequestCacheAwareFilter@43a235a1, org.springframework.security.web.servletapi.SecurityContextHolderAwareRequestFilter@3660261b, org.springframework.security.web.authentication.AnonymousAuthenticationFilter@4b91c2e7, org.springframework.security.web.session.SessionManagementFilter@5dddbc6a, org.springframework.security.web.access.ExceptionTranslationFilter@2f342fb4, org.springframework.security.web.access.intercept.AuthorizationFilter@49cfa61c]
2024-06-19 20:52:14 - LiveReload server is running on port 35729
2024-06-19 20:52:14 - Starting ProtocolHandler ["http-nio-8080"]
2024-06-19 20:52:14 - Tomcat started on port 8080 (http) with context path ''
2024-06-19 20:52:14 - Started ProjetoScoreApplication in 5.743 seconds (process running for 6.275)
2024-06-19 20:52:14 - select ue1_0.id,ue1_0.cep,ue1_0.cpf,ue1_0.email,ue1_0.endereco_id,ue1_0.login,ue1_0.nome,ue1_0.password,ue1_0.role,ue1_0.score,ue1_0.telefone from users ue1_0
2024-06-19 20:52:14 - select ee1_0.id,ee1_0.bairro,ee1_0.cep,ee1_0.localidade,ee1_0.logradouro,ee1_0.uf from adress ee1_0 where ee1_0.id=?
2024-06-19 20:52:14 - select ee1_0.id,ee1_0.bairro,ee1_0.cep,ee1_0.localidade,ee1_0.logradouro,ee1_0.uf from adress ee1_0 where ee1_0.id=?
2024-06-19 20:52:14 - select ee1_0.id,ee1_0.bairro,ee1_0.cep,ee1_0.localidade,ee1_0.logradouro,ee1_0.uf from adress ee1_0 where ee1_0.id=?
2024-06-19 20:52:14 - select ee1_0.id,ee1_0.bairro,ee1_0.cep,ee1_0.localidade,ee1_0.logradouro,ee1_0.uf from adress ee1_0 where ee1_0.id=?
2024-06-19 20:52:14 - select ee1_0.id,ee1_0.bairro,ee1_0.cep,ee1_0.localidade,ee1_0.logradouro,ee1_0.uf from adress ee1_0 where ee1_0.id=?
2024-06-19 20:52:14 - select ue1_0.id,ue1_0.cep,ue1_0.cpf,ue1_0.email,e1_0.id,e1_0.bairro,e1_0.cep,e1_0.localidade,e1_0.logradouro,e1_0.uf,ue1_0.login,ue1_0.nome,ue1_0.password,ue1_0.role,ue1_0.score,ue1_0.telefone from users ue1_0 left join adress e1_0 on e1_0.id=ue1_0.endereco_id where ue1_0.id=?
2024-06-19 20:52:14 - update users set cep=?,cpf=?,email=?,endereco_id=?,login=?,nome=?,password=?,role=?,score=?,telefone=? where id=?
2024-06-19 20:52:14 - select ue1_0.id,ue1_0.cep,ue1_0.cpf,ue1_0.email,e1_0.id,e1_0.bairro,e1_0.cep,e1_0.localidade,e1_0.logradouro,e1_0.uf,ue1_0.login,ue1_0.nome,ue1_0.password,ue1_0.role,ue1_0.score,ue1_0.telefone from users ue1_0 left join adress e1_0 on e1_0.id=ue1_0.endereco_id where ue1_0.id=?
2024-06-19 20:52:14 - update users set cep=?,cpf=?,email=?,endereco_id=?,login=?,nome=?,password=?,role=?,score=?,telefone=? where id=?
2024-06-19 20:52:14 - select ue1_0.id,ue1_0.cep,ue1_0.cpf,ue1_0.email,e1_0.id,e1_0.bairro,e1_0.cep,e1_0.localidade,e1_0.logradouro,e1_0.uf,ue1_0.login,ue1_0.nome,ue1_0.password,ue1_0.role,ue1_0.score,ue1_0.telefone from users ue1_0 left join adress e1_0 on e1_0.id=ue1_0.endereco_id where ue1_0.id=?
2024-06-19 20:52:14 - update users set cep=?,cpf=?,email=?,endereco_id=?,login=?,nome=?,password=?,role=?,score=?,telefone=? where id=?
2024-06-19 20:52:14 - select ue1_0.id,ue1_0.cep,ue1_0.cpf,ue1_0.email,e1_0.id,e1_0.bairro,e1_0.cep,e1_0.localidade,e1_0.logradouro,e1_0.uf,ue1_0.login,ue1_0.nome,ue1_0.password,ue1_0.role,ue1_0.score,ue1_0.telefone from users ue1_0 left join adress e1_0 on e1_0.id=ue1_0.endereco_id where ue1_0.id=?
2024-06-19 20:52:14 - update users set cep=?,cpf=?,email=?,endereco_id=?,login=?,nome=?,password=?,role=?,score=?,telefone=? where id=?
2024-06-19 20:52:14 - select ue1_0.id,ue1_0.cep,ue1_0.cpf,ue1_0.email,e1_0.id,e1_0.bairro,e1_0.cep,e1_0.localidade,e1_0.logradouro,e1_0.uf,ue1_0.login,ue1_0.nome,ue1_0.password,ue1_0.role,ue1_0.score,ue1_0.telefone from users ue1_0 left join adress e1_0 on e1_0.id=ue1_0.endereco_id where ue1_0.id=?
2024-06-19 20:52:14 - update users set cep=?,cpf=?,email=?,endereco_id=?,login=?,nome=?,password=?,role=?,score=?,telefone=? where id=?
2024-06-19 20:52:14 - select ue1_0.id,ue1_0.cep,ue1_0.cpf,ue1_0.email,e1_0.id,e1_0.bairro,e1_0.cep,e1_0.localidade,e1_0.logradouro,e1_0.uf,ue1_0.login,ue1_0.nome,ue1_0.password,ue1_0.role,ue1_0.score,ue1_0.telefone from users ue1_0 left join adress e1_0 on e1_0.id=ue1_0.endereco_id where ue1_0.id=?
2024-06-19 20:52:14 - update users set cep=?,cpf=?,email=?,endereco_id=?,login=?,nome=?,password=?,role=?,score=?,telefone=? where id=?
2024-06-19 20:52:14 - select ue1_0.id,ue1_0.cep,ue1_0.cpf,ue1_0.email,e1_0.id,e1_0.bairro,e1_0.cep,e1_0.localidade,e1_0.logradouro,e1_0.uf,ue1_0.login,ue1_0.nome,ue1_0.password,ue1_0.role,ue1_0.score,ue1_0.telefone from users ue1_0 left join adress e1_0 on e1_0.id=ue1_0.endereco_id where ue1_0.id=?
2024-06-19 20:52:14 - update users set cep=?,cpf=?,email=?,endereco_id=?,login=?,nome=?,password=?,role=?,score=?,telefone=? where id=?
2024-06-19 20:52:14 - select ue1_0.id,ue1_0.cep,ue1_0.cpf,ue1_0.email,e1_0.id,e1_0.bairro,e1_0.cep,e1_0.localidade,e1_0.logradouro,e1_0.uf,ue1_0.login,ue1_0.nome,ue1_0.password,ue1_0.role,ue1_0.score,ue1_0.telefone from users ue1_0 left join adress e1_0 on e1_0.id=ue1_0.endereco_id where ue1_0.id=?
2024-06-19 20:52:14 - update users set cep=?,cpf=?,email=?,endereco_id=?,login=?,nome=?,password=?,role=?,score=?,telefone=? where id=?
2024-06-19 21:00:34 - select ue1_0.id,ue1_0.cep,ue1_0.cpf,ue1_0.email,ue1_0.endereco_id,ue1_0.login,ue1_0.nome,ue1_0.password,ue1_0.role,ue1_0.score,ue1_0.telefone from users ue1_0
2024-06-19 21:00:34 - select ee1_0.id,ee1_0.bairro,ee1_0.cep,ee1_0.localidade,ee1_0.logradouro,ee1_0.uf from adress ee1_0 where ee1_0.id=?
2024-06-19 21:00:34 - select ee1_0.id,ee1_0.bairro,ee1_0.cep,ee1_0.localidade,ee1_0.logradouro,ee1_0.uf from adress ee1_0 where ee1_0.id=?
2024-06-19 21:00:34 - select ee1_0.id,ee1_0.bairro,ee1_0.cep,ee1_0.localidade,ee1_0.logradouro,ee1_0.uf from adress ee1_0 where ee1_0.id=?
2024-06-19 21:00:34 - select ee1_0.id,ee1_0.bairro,ee1_0.cep,ee1_0.localidade,ee1_0.logradouro,ee1_0.uf from adress ee1_0 where ee1_0.id=?
2024-06-19 21:00:34 - select ee1_0.id,ee1_0.bairro,ee1_0.cep,ee1_0.localidade,ee1_0.logradouro,ee1_0.uf from adress ee1_0 where ee1_0.id=?
2024-06-19 21:00:34 - select ue1_0.id,ue1_0.cep,ue1_0.cpf,ue1_0.email,e1_0.id,e1_0.bairro,e1_0.cep,e1_0.localidade,e1_0.logradouro,e1_0.uf,ue1_0.login,ue1_0.nome,ue1_0.password,ue1_0.role,ue1_0.score,ue1_0.telefone from users ue1_0 left join adress e1_0 on e1_0.id=ue1_0.endereco_id where ue1_0.id=?
2024-06-19 21:00:34 - update users set cep=?,cpf=?,email=?,endereco_id=?,login=?,nome=?,password=?,role=?,score=?,telefone=? where id=?
2024-06-19 21:00:35 - select ue1_0.id,ue1_0.cep,ue1_0.cpf,ue1_0.email,e1_0.id,e1_0.bairro,e1_0.cep,e1_0.localidade,e1_0.logradouro,e1_0.uf,ue1_0.login,ue1_0.nome,ue1_0.password,ue1_0.role,ue1_0.score,ue1_0.telefone from users ue1_0 left join adress e1_0 on e1_0.id=ue1_0.endereco_id where ue1_0.id=?
2024-06-19 21:00:35 - update users set cep=?,cpf=?,email=?,endereco_id=?,login=?,nome=?,password=?,role=?,score=?,telefone=? where id=?
2024-06-19 21:00:35 - select ue1_0.id,ue1_0.cep,ue1_0.cpf,ue1_0.email,e1_0.id,e1_0.bairro,e1_0.cep,e1_0.localidade,e1_0.logradouro,e1_0.uf,ue1_0.login,ue1_0.nome,ue1_0.password,ue1_0.role,ue1_0.score,ue1_0.telefone from users ue1_0 left join adress e1_0 on e1_0.id=ue1_0.endereco_id where ue1_0.id=?
2024-06-19 21:00:35 - update users set cep=?,cpf=?,email=?,endereco_id=?,login=?,nome=?,password=?,role=?,score=?,telefone=? where id=?
2024-06-19 21:00:35 - select ue1_0.id,ue1_0.cep,ue1_0.cpf,ue1_0.email,e1_0.id,e1_0.bairro,e1_0.cep,e1_0.localidade,e1_0.logradouro,e1_0.uf,ue1_0.login,ue1_0.nome,ue1_0.password,ue1_0.role,ue1_0.score,ue1_0.telefone from users ue1_0 left join adress e1_0 on e1_0.id=ue1_0.endereco_id where ue1_0.id=?
2024-06-19 21:00:35 - update users set cep=?,cpf=?,email=?,endereco_id=?,login=?,nome=?,password=?,role=?,score=?,telefone=? where id=?
2024-06-19 21:00:35 - select ue1_0.id,ue1_0.cep,ue1_0.cpf,ue1_0.email,e1_0.id,e1_0.bairro,e1_0.cep,e1_0.localidade,e1_0.logradouro,e1_0.uf,ue1_0.login,ue1_0.nome,ue1_0.password,ue1_0.role,ue1_0.score,ue1_0.telefone from users ue1_0 left join adress e1_0 on e1_0.id=ue1_0.endereco_id where ue1_0.id=?
2024-06-19 21:00:35 - update users set cep=?,cpf=?,email=?,endereco_id=?,login=?,nome=?,password=?,role=?,score=?,telefone=? where id=?
2024-06-19 21:00:35 - select ue1_0.id,ue1_0.cep,ue1_0.cpf,ue1_0.email,e1_0.id,e1_0.bairro,e1_0.cep,e1_0.localidade,e1_0.logradouro,e1_0.uf,ue1_0.login,ue1_0.nome,ue1_0.password,ue1_0.role,ue1_0.score,ue1_0.telefone from users ue1_0 left join adress e1_0 on e1_0.id=ue1_0.endereco_id where ue1_0.id=?
2024-06-19 21:00:35 - update users set cep=?,cpf=?,email=?,endereco_id=?,login=?,nome=?,password=?,role=?,score=?,telefone=? where id=?
2024-06-19 21:00:35 - select ue1_0.id,ue1_0.cep,ue1_0.cpf,ue1_0.email,e1_0.id,e1_0.bairro,e1_0.cep,e1_0.localidade,e1_0.logradouro,e1_0.uf,ue1_0.login,ue1_0.nome,ue1_0.password,ue1_0.role,ue1_0.score,ue1_0.telefone from users ue1_0 left join adress e1_0 on e1_0.id=ue1_0.endereco_id where ue1_0.id=?
2024-06-19 21:00:35 - update users set cep=?,cpf=?,email=?,endereco_id=?,login=?,nome=?,password=?,role=?,score=?,telefone=? where id=?
2024-06-19 21:00:35 - select ue1_0.id,ue1_0.cep,ue1_0.cpf,ue1_0.email,e1_0.id,e1_0.bairro,e1_0.cep,e1_0.localidade,e1_0.logradouro,e1_0.uf,ue1_0.login,ue1_0.nome,ue1_0.password,ue1_0.role,ue1_0.score,ue1_0.telefone from users ue1_0 left join adress e1_0 on e1_0.id=ue1_0.endereco_id where ue1_0.id=?
2024-06-19 21:00:35 - update users set cep=?,cpf=?,email=?,endereco_id=?,login=?,nome=?,password=?,role=?,score=?,telefone=? where id=?
2024-06-19 21:03:33 - Initializing Spring DispatcherServlet 'dispatcherServlet'
2024-06-19 21:03:33 - Initializing Servlet 'dispatcherServlet'
2024-06-19 21:03:33 - Completed initialization in 135 ms
2024-06-19 21:03:33 - Carregando informações do usuário com nome de usuário: Logi4
2024-06-19 21:03:33 - select ue1_0.id,ue1_0.cep,ue1_0.cpf,ue1_0.email,ue1_0.endereco_id,ue1_0.login,ue1_0.nome,ue1_0.password,ue1_0.role,ue1_0.score,ue1_0.telefone from users ue1_0 where ue1_0.login=?
2024-06-19 21:03:33 - select ee1_0.id,ee1_0.bairro,ee1_0.cep,ee1_0.localidade,ee1_0.logradouro,ee1_0.uf from adress ee1_0 where ee1_0.id=?
2024-06-19 21:03:33 - Informações do usuário carregadas com sucesso.
2024-06-19 21:03:33 - select ue1_0.id,ue1_0.cep,ue1_0.cpf,ue1_0.email,ue1_0.endereco_id,ue1_0.login,ue1_0.nome,ue1_0.password,ue1_0.role,ue1_0.score,ue1_0.telefone from users ue1_0
2024-06-19 21:03:33 - select ee1_0.id,ee1_0.bairro,ee1_0.cep,ee1_0.localidade,ee1_0.logradouro,ee1_0.uf from adress ee1_0 where ee1_0.id=?
2024-06-19 21:03:33 - select ee1_0.id,ee1_0.bairro,ee1_0.cep,ee1_0.localidade,ee1_0.logradouro,ee1_0.uf from adress ee1_0 where ee1_0.id=?
2024-06-19 21:03:33 - select ee1_0.id,ee1_0.bairro,ee1_0.cep,ee1_0.localidade,ee1_0.logradouro,ee1_0.uf from adress ee1_0 where ee1_0.id=?
2024-06-19 21:03:33 - select ee1_0.id,ee1_0.bairro,ee1_0.cep,ee1_0.localidade,ee1_0.logradouro,ee1_0.uf from adress ee1_0 where ee1_0.id=?
2024-06-19 21:03:33 - select ee1_0.id,ee1_0.bairro,ee1_0.cep,ee1_0.localidade,ee1_0.logradouro,ee1_0.uf from adress ee1_0 where ee1_0.id=?
2024-06-19 21:06:09 - select ue1_0.id,ue1_0.cep,ue1_0.cpf,ue1_0.email,ue1_0.endereco_id,ue1_0.login,ue1_0.nome,ue1_0.password,ue1_0.role,ue1_0.score,ue1_0.telefone from users ue1_0
2024-06-19 21:06:09 - select ee1_0.id,ee1_0.bairro,ee1_0.cep,ee1_0.localidade,ee1_0.logradouro,ee1_0.uf from adress ee1_0 where ee1_0.id=?
2024-06-19 21:06:09 - select ee1_0.id,ee1_0.bairro,ee1_0.cep,ee1_0.localidade,ee1_0.logradouro,ee1_0.uf from adress ee1_0 where ee1_0.id=?
2024-06-19 21:06:09 - select ee1_0.id,ee1_0.bairro,ee1_0.cep,ee1_0.localidade,ee1_0.logradouro,ee1_0.uf from adress ee1_0 where ee1_0.id=?
2024-06-19 21:06:09 - select ee1_0.id,ee1_0.bairro,ee1_0.cep,ee1_0.localidade,ee1_0.logradouro,ee1_0.uf from adress ee1_0 where ee1_0.id=?
2024-06-19 21:06:09 - select ee1_0.id,ee1_0.bairro,ee1_0.cep,ee1_0.localidade,ee1_0.logradouro,ee1_0.uf from adress ee1_0 where ee1_0.id=?
2024-06-19 21:06:10 - select ue1_0.id,ue1_0.cep,ue1_0.cpf,ue1_0.email,ue1_0.endereco_id,ue1_0.login,ue1_0.nome,ue1_0.password,ue1_0.role,ue1_0.score,ue1_0.telefone from users ue1_0
2024-06-19 21:06:10 - select ee1_0.id,ee1_0.bairro,ee1_0.cep,ee1_0.localidade,ee1_0.logradouro,ee1_0.uf from adress ee1_0 where ee1_0.id=?
2024-06-19 21:06:10 - select ee1_0.id,ee1_0.bairro,ee1_0.cep,ee1_0.localidade,ee1_0.logradouro,ee1_0.uf from adress ee1_0 where ee1_0.id=?
2024-06-19 21:06:10 - select ee1_0.id,ee1_0.bairro,ee1_0.cep,ee1_0.localidade,ee1_0.logradouro,ee1_0.uf from adress ee1_0 where ee1_0.id=?
2024-06-19 21:06:10 - select ee1_0.id,ee1_0.bairro,ee1_0.cep,ee1_0.localidade,ee1_0.logradouro,ee1_0.uf from adress ee1_0 where ee1_0.id=?
2024-06-19 21:06:10 - select ee1_0.id,ee1_0.bairro,ee1_0.cep,ee1_0.localidade,ee1_0.logradouro,ee1_0.uf from adress ee1_0 where ee1_0.id=?
2024-06-19 21:06:11 - select ue1_0.id,ue1_0.cep,ue1_0.cpf,ue1_0.email,ue1_0.endereco_id,ue1_0.login,ue1_0.nome,ue1_0.password,ue1_0.role,ue1_0.score,ue1_0.telefone from users ue1_0
2024-06-19 21:06:11 - select ee1_0.id,ee1_0.bairro,ee1_0.cep,ee1_0.localidade,ee1_0.logradouro,ee1_0.uf from adress ee1_0 where ee1_0.id=?
2024-06-19 21:06:11 - select ee1_0.id,ee1_0.bairro,ee1_0.cep,ee1_0.localidade,ee1_0.logradouro,ee1_0.uf from adress ee1_0 where ee1_0.id=?
2024-06-19 21:06:11 - select ee1_0.id,ee1_0.bairro,ee1_0.cep,ee1_0.localidade,ee1_0.logradouro,ee1_0.uf from adress ee1_0 where ee1_0.id=?
2024-06-19 21:06:11 - select ee1_0.id,ee1_0.bairro,ee1_0.cep,ee1_0.localidade,ee1_0.logradouro,ee1_0.uf from adress ee1_0 where ee1_0.id=?
2024-06-19 21:06:11 - select ee1_0.id,ee1_0.bairro,ee1_0.cep,ee1_0.localidade,ee1_0.logradouro,ee1_0.uf from adress ee1_0 where ee1_0.id=?
2024-06-19 21:06:41 - Closing JPA EntityManagerFactory for persistence unit 'default'
2024-06-19 21:06:41 - HikariPool-1 - Shutdown initiated...
2024-06-19 21:06:41 - HikariPool-1 - Shutdown completed.
